0 verbose cli /home/eliasmorales/.nvm/versions/node/v16.16.0/bin/node /home/eliasmorales/.nvm/versions/node/v16.16.0/bin/npm
1 info using npm@8.11.0
2 info using node@v16.16.0
3 timing npm:load:whichnode Completed in 1ms
4 timing config:load:defaults Completed in 23ms
5 timing config:load:file:/home/eliasmorales/.nvm/versions/node/v16.16.0/lib/node_modules/npm/npmrc Completed in 6ms
6 timing config:load:builtin Completed in 7ms
7 timing config:load:cli Completed in 78ms
8 timing config:load:env Completed in 2ms
9 timing config:load:file:/home/eliasmorales/.cache/typescript/4.7/.npmrc Completed in 1ms
10 timing config:load:project Completed in 49ms
11 timing config:load:file:/home/eliasmorales/.npmrc Completed in 0ms
12 timing config:load:user Completed in 1ms
13 timing config:load:file:/home/eliasmorales/.nvm/versions/node/v16.16.0/etc/npmrc Completed in 1ms
14 timing config:load:global Completed in 1ms
15 timing config:load:validate Completed in 1ms
16 timing config:load:credentials Completed in 8ms
17 timing config:load:setEnvs Completed in 5ms
18 timing config:load Completed in 189ms
19 timing npm:load:configload Completed in 190ms
20 timing npm:load:mkdirpcache Completed in 27ms
21 timing npm:load:mkdirplogs Completed in 1ms
22 verbose title npm install types-registry@latest
23 verbose argv "install" "--ignore-scripts" "types-registry@latest"
24 timing npm:load:setTitle Completed in 8ms
25 timing config:load:flatten Completed in 18ms
26 timing npm:load:display Completed in 25ms
27 verbose logfile logs-max:10 dir:/home/eliasmorales/.npm/_logs
28 verbose logfile /home/eliasmorales/.npm/_logs/2022-07-26T02_05_55_268Z-debug-0.log
29 timing npm:load:logFile Completed in 54ms
30 timing npm:load:timers Completed in 1ms
31 timing npm:load:configScope Completed in 0ms
32 timing npm:load Completed in 315ms
33 timing arborist:ctor Completed in 12ms
34 silly logfile start cleaning logs, removing 1 files
35 silly logfile done cleaning log files
36 timing arborist:ctor Completed in 1ms
37 timing idealTree:init Completed in 645ms
38 http fetch GET 200 https://registry.npmjs.org/types-registry 2346ms (cache miss)
39 timing idealTree:userRequests Completed in 2563ms
40 silly idealTree buildDeps
41 silly fetch manifest types-registry@0.1.602
42 silly placeDep ROOT types-registry@0.1.602 OK for:  want: 0.1.602
43 timing idealTree:#root Completed in 51ms
44 timing idealTree:node_modules/types-registry Completed in 15ms
45 timing idealTree:buildDeps Completed in 71ms
46 timing idealTree:fixDepFlags Completed in 1ms
47 timing idealTree Completed in 3287ms
48 timing reify:loadTrees Completed in 3301ms
49 timing reify:diffTrees Completed in 13ms
50 silly reify moves {}
51 timing reify:retireShallow Completed in 315ms
52 timing reify:createSparse Completed in 286ms
53 timing reify:loadBundles Completed in 0ms
54 silly audit bulk request { 'types-registry': [ '0.1.602' ] }
55 silly tarball no local data for types-registry@https://registry.npmjs.org/types-registry/-/types-registry-0.1.602.tgz. Extracting by manifest.
56 http fetch POST 200 https://registry.npmjs.org/-/npm/v1/security/advisories/bulk 700ms
57 timing auditReport:getReport Completed in 739ms
58 silly audit report {}
59 timing auditReport:init Completed in 0ms
60 timing reify:audit Completed in 745ms
61 http fetch GET 200 https://registry.npmjs.org/types-registry/-/types-registry-0.1.602.tgz 1061ms (cache miss)
62 timing reifyNode:node_modules/types-registry Completed in 1142ms
63 timing reify:unpack Completed in 1151ms
64 timing reify:unretire Completed in 0ms
65 timing build:queue Completed in 15ms
66 timing build:deps Completed in 18ms
67 timing build Completed in 21ms
68 timing reify:build Completed in 22ms
69 timing reify:trash Completed in 1ms
70 timing reify:save Completed in 48ms
71 timing reify Completed in 5419ms
72 silly ADD node_modules/types-registry
73 timing command:install Completed in 5464ms
74 verbose exit 0
75 timing npm Completed in 7285ms
76 info ok
