0 verbose cli /home/eliasmorales/.nvm/versions/node/v16.16.0/bin/node /home/eliasmorales/.nvm/versions/node/v16.16.0/lib/node_modules/npm/bin/npm-cli.js
1 info using npm@8.11.0
2 info using node@v16.16.0
3 timing npm:load:whichnode Completed in 0ms
4 timing config:load:defaults Completed in 9ms
5 timing config:load:file:/home/eliasmorales/.nvm/versions/node/v16.16.0/lib/node_modules/npm/npmrc Completed in 4ms
6 timing config:load:builtin Completed in 5ms
7 timing config:load:cli Completed in 10ms
8 timing config:load:env Completed in 2ms
9 timing config:load:project Completed in 41ms
10 timing config:load:file:/home/eliasmorales/.npmrc Completed in 3ms
11 timing config:load:user Completed in 5ms
12 timing config:load:file:/home/eliasmorales/.nvm/versions/node/v16.16.0/etc/npmrc Completed in 1ms
13 timing config:load:global Completed in 2ms
14 timing config:load:validate Completed in 1ms
15 timing config:load:credentials Completed in 4ms
16 timing config:load:setEnvs Completed in 3ms
17 timing config:load Completed in 89ms
18 timing npm:load:configload Completed in 89ms
19 timing npm:load:mkdirpcache Completed in 4ms
20 timing npm:load:mkdirplogs Completed in 1ms
21 verbose title npm exec create-react-app test
22 verbose argv "exec" "--" "create-react-app" "test"
23 timing npm:load:setTitle Completed in 7ms
24 timing config:load:flatten Completed in 17ms
25 timing npm:load:display Completed in 23ms
26 verbose logfile logs-max:10 dir:/home/eliasmorales/.npm/_logs
27 verbose logfile /home/eliasmorales/.npm/_logs/2022-07-26T01_34_46_699Z-debug-0.log
28 timing npm:load:logFile Completed in 23ms
29 timing npm:load:timers Completed in 0ms
30 timing npm:load:configScope Completed in 0ms
31 timing npm:load Completed in 154ms
32 silly logfile start cleaning logs, removing 4 files
33 timing arborist:ctor Completed in 4ms
34 silly logfile done cleaning log files
35 http fetch GET 200 https://registry.npmjs.org/create-react-app 400ms (cache revalidated)
36 timing arborist:ctor Completed in 1ms
37 timing arborist:ctor Completed in 1ms
38 timing command:exec Completed in 379510ms
39 verbose exit 0
40 timing npm Completed in 379952ms
41 info ok
