0 verbose cli /home/eliasmorales/.nvm/versions/node/v16.16.0/bin/node /home/eliasmorales/.nvm/versions/node/v16.16.0/bin/npm
1 info using npm@8.11.0
2 info using node@v16.16.0
3 timing npm:load:whichnode Completed in 2ms
4 timing config:load:defaults Completed in 6ms
5 timing config:load:file:/home/eliasmorales/.nvm/versions/node/v16.16.0/lib/node_modules/npm/npmrc Completed in 7ms
6 timing config:load:builtin Completed in 8ms
7 timing config:load:cli Completed in 11ms
8 timing config:load:env Completed in 4ms
9 timing config:load:file:/home/eliasmorales/test/.npmrc Completed in 1ms
10 timing config:load:project Completed in 61ms
11 timing config:load:file:/home/eliasmorales/.npmrc Completed in 1ms
12 timing config:load:user Completed in 3ms
13 timing config:load:file:/home/eliasmorales/.nvm/versions/node/v16.16.0/etc/npmrc Completed in 1ms
14 timing config:load:global Completed in 1ms
15 timing config:load:validate Completed in 4ms
16 timing config:load:credentials Completed in 4ms
17 timing config:load:setEnvs Completed in 4ms
18 timing config:load Completed in 111ms
19 timing npm:load:configload Completed in 112ms
20 timing npm:load:mkdirpcache Completed in 8ms
21 timing npm:load:mkdirplogs Completed in 2ms
22 verbose title npm install @testing-library/jest-dom@^5.14.1 @testing-library/react@^13.0.0 @testing-library/user-event@^13.2.1 web-vitals@^2.1.0
23 verbose argv "install" "--no-audit" "--save" "@testing-library/jest-dom@^5.14.1" "@testing-library/react@^13.0.0" "@testing-library/user-event@^13.2.1" "web-vitals@^2.1.0"
24 timing npm:load:setTitle Completed in 6ms
25 timing config:load:flatten Completed in 14ms
26 timing npm:load:display Completed in 26ms
27 verbose logfile logs-max:10 dir:/home/eliasmorales/.npm/_logs
28 verbose logfile /home/eliasmorales/.npm/_logs/2022-07-26T01_40_18_816Z-debug-0.log
29 timing npm:load:logFile Completed in 24ms
30 timing npm:load:timers Completed in 1ms
31 timing npm:load:configScope Completed in 0ms
32 timing npm:load Completed in 188ms
33 timing arborist:ctor Completed in 7ms
34 silly logfile start cleaning logs, removing 1 files
35 silly logfile done cleaning log files
36 timing idealTree:init Completed in 6464ms
37 timing idealTree:userRequests Completed in 17ms
38 silly idealTree buildDeps
39 silly fetch manifest @testing-library/jest-dom@^5.14.1
40 timing arborist:ctor Completed in 1ms
41 http fetch GET 200 https://registry.npmjs.org/@testing-library%2fjest-dom 5708ms (cache miss)
42 silly fetch manifest @testing-library/react@^13.0.0
43 http fetch GET 200 https://registry.npmjs.org/@testing-library%2freact 413ms (cache miss)
44 silly fetch manifest react@^18.2.0
45 http fetch GET 200 https://registry.npmjs.org/react 153ms (cache revalidated)
46 silly fetch manifest react-dom@^18.2.0
47 http fetch GET 200 https://registry.npmjs.org/react-dom 129ms (cache revalidated)
48 silly fetch manifest @testing-library/user-event@^13.2.1
49 http fetch GET 200 https://registry.npmjs.org/@testing-library%2fuser-event 423ms (cache miss)
50 silly fetch manifest @testing-library/dom@>=7.21.4
51 http fetch GET 200 https://registry.npmjs.org/@testing-library%2fdom 387ms (cache miss)
52 silly fetch manifest web-vitals@^2.1.0
53 http fetch GET 200 https://registry.npmjs.org/web-vitals 116ms (cache miss)
54 silly placeDep ROOT @testing-library/jest-dom@5.16.4 OK for: test@0.1.0 want: ^5.14.1
55 silly placeDep ROOT @testing-library/react@13.3.0 OK for: test@0.1.0 want: ^13.0.0
56 silly placeDep ROOT @testing-library/user-event@13.5.0 OK for: test@0.1.0 want: ^13.2.1
57 silly placeDep ROOT @testing-library/dom@8.16.0 OK for: @testing-library/user-event@13.5.0 want: >=7.21.4
58 silly placeDep ROOT web-vitals@2.1.4 OK for: test@0.1.0 want: ^2.1.0
59 silly fetch manifest @types/testing-library__jest-dom@^5.9.1
60 silly fetch manifest aria-query@^5.0.0
61 silly fetch manifest chalk@^3.0.0
62 silly fetch manifest css@^3.0.0
63 silly fetch manifest css.escape@^1.5.1
64 silly fetch manifest dom-accessibility-api@^0.5.6
65 silly fetch manifest redent@^3.0.0
66 silly fetch manifest @types/react-dom@^18.0.0
67 silly fetch manifest @types/aria-query@^4.2.0
68 silly fetch manifest chalk@^4.1.0
69 silly fetch manifest dom-accessibility-api@^0.5.9
70 silly fetch manifest lz-string@^1.4.4
71 http fetch GET 200 https://registry.npmjs.org/@types%2ftesting-library__jest-dom 421ms (cache miss)
72 http fetch GET 200 https://registry.npmjs.org/aria-query 504ms (cache hit)
73 http fetch GET 200 https://registry.npmjs.org/chalk 558ms (cache revalidated)
74 http fetch GET 200 https://registry.npmjs.org/redent 622ms (cache miss)
75 http fetch GET 200 https://registry.npmjs.org/css.escape 633ms (cache miss)
76 http fetch GET 200 https://registry.npmjs.org/lz-string 621ms (cache miss)
77 http fetch GET 200 https://registry.npmjs.org/@types%2faria-query 650ms (cache miss)
78 http fetch GET 200 https://registry.npmjs.org/chalk 653ms (cache revalidated)
79 http fetch GET 200 https://registry.npmjs.org/css 698ms (cache miss)
80 http fetch GET 200 https://registry.npmjs.org/dom-accessibility-api 752ms (cache miss)
81 http fetch GET 200 https://registry.npmjs.org/dom-accessibility-api 767ms (cache miss)
82 http fetch GET 200 https://registry.npmjs.org/@types%2freact-dom 800ms (cache miss)
83 timing idealTree:#root Completed in 8390ms
84 silly placeDep ROOT @types/aria-query@4.2.2 OK for: @testing-library/dom@8.16.0 want: ^4.2.0
85 silly placeDep node_modules/@testing-library/dom aria-query@5.0.0 OK for: @testing-library/dom@8.16.0 want: ^5.0.0
86 silly placeDep node_modules/@testing-library/dom chalk@4.1.2 OK for: @testing-library/dom@8.16.0 want: ^4.1.0
87 silly placeDep ROOT dom-accessibility-api@0.5.14 OK for: @testing-library/dom@8.16.0 want: ^0.5.9
88 silly placeDep ROOT lz-string@1.4.4 OK for: @testing-library/dom@8.16.0 want: ^1.4.4
89 silly fetch manifest ansi-styles@^4.1.0
90 silly fetch manifest supports-color@^7.1.0
91 http fetch GET 200 https://registry.npmjs.org/ansi-styles 76ms (cache hit)
92 http fetch GET 200 https://registry.npmjs.org/supports-color 89ms (cache hit)
93 timing idealTree:node_modules/@testing-library/dom Completed in 175ms
94 silly placeDep ROOT @types/testing-library__jest-dom@5.14.5 OK for: @testing-library/jest-dom@5.16.4 want: ^5.9.1
95 silly placeDep node_modules/@testing-library/jest-dom aria-query@5.0.0 OK for: @testing-library/jest-dom@5.16.4 want: ^5.0.0
96 silly placeDep node_modules/@testing-library/jest-dom chalk@3.0.0 OK for: @testing-library/jest-dom@5.16.4 want: ^3.0.0
97 silly placeDep ROOT css@3.0.0 OK for: @testing-library/jest-dom@5.16.4 want: ^3.0.0
98 silly placeDep ROOT css.escape@1.5.1 OK for: @testing-library/jest-dom@5.16.4 want: ^1.5.1
99 silly placeDep ROOT redent@3.0.0 OK for: @testing-library/jest-dom@5.16.4 want: ^3.0.0
100 silly fetch manifest @types/jest@*
101 silly fetch manifest source-map@^0.6.1
102 silly fetch manifest source-map-resolve@^0.6.0
103 silly fetch manifest indent-string@^4.0.0
104 silly fetch manifest strip-indent@^3.0.0
105 http fetch GET 200 https://registry.npmjs.org/source-map 266ms (cache revalidated)
106 http fetch GET 200 https://registry.npmjs.org/indent-string 273ms (cache miss)
107 http fetch GET 200 https://registry.npmjs.org/strip-indent 304ms (cache miss)
108 http fetch GET 200 https://registry.npmjs.org/source-map-resolve 319ms (cache miss)
109 http fetch GET 200 https://registry.npmjs.org/@types%2fjest 379ms (cache miss)
110 timing idealTree:node_modules/@testing-library/jest-dom Completed in 450ms
111 silly placeDep ROOT @types/react-dom@18.0.6 OK for: @testing-library/react@13.3.0 want: ^18.0.0
112 silly fetch manifest @types/react@*
113 http fetch GET 200 https://registry.npmjs.org/@types%2freact 219ms (cache miss)
114 timing idealTree:node_modules/@testing-library/react Completed in 245ms
115 timing idealTree:node_modules/@testing-library/user-event Completed in 0ms
116 timing idealTree:node_modules/@types/aria-query Completed in 0ms
117 silly placeDep ROOT @types/react@18.0.15 OK for: @types/react-dom@18.0.6 want: *
118 silly fetch manifest @types/prop-types@*
119 silly fetch manifest @types/scheduler@*
120 silly fetch manifest csstype@^3.0.2
121 http fetch GET 200 https://registry.npmjs.org/@types%2fprop-types 154ms (cache miss)
122 http fetch GET 200 https://registry.npmjs.org/csstype 154ms (cache miss)
123 http fetch GET 200 https://registry.npmjs.org/@types%2fscheduler 168ms (cache miss)
124 timing idealTree:node_modules/@types/react-dom Completed in 189ms
125 silly placeDep ROOT @types/prop-types@15.7.5 OK for: @types/react@18.0.15 want: *
126 silly placeDep ROOT @types/scheduler@0.16.2 OK for: @types/react@18.0.15 want: *
127 silly placeDep ROOT csstype@3.1.0 OK for: @types/react@18.0.15 want: ^3.0.2
128 timing idealTree:node_modules/@types/react Completed in 28ms
129 timing idealTree:node_modules/@types/prop-types Completed in 0ms
130 timing idealTree:node_modules/@types/scheduler Completed in 0ms
131 silly placeDep ROOT @types/jest@28.1.6 OK for: @types/testing-library__jest-dom@5.14.5 want: *
132 silly fetch manifest jest-matcher-utils@^28.0.0
133 silly fetch manifest pretty-format@^28.0.0
134 http fetch GET 200 https://registry.npmjs.org/jest-matcher-utils 50ms (cache hit)
135 http fetch GET 200 https://registry.npmjs.org/pretty-format 53ms (cache hit)
136 timing idealTree:node_modules/@types/testing-library__jest-dom Completed in 83ms
137 silly placeDep node_modules/@types/jest jest-matcher-utils@28.1.3 OK for: @types/jest@28.1.6 want: ^28.0.0
138 silly placeDep node_modules/@types/jest pretty-format@28.1.3 OK for: @types/jest@28.1.6 want: ^28.0.0
139 silly fetch manifest chalk@^4.0.0
140 silly fetch manifest jest-diff@^28.1.3
141 silly fetch manifest jest-get-type@^28.0.2
142 silly fetch manifest ansi-styles@^5.0.0
143 silly fetch manifest react-is@^18.0.0
144 http fetch GET 200 https://registry.npmjs.org/jest-diff 86ms (cache hit)
145 http fetch GET 200 https://registry.npmjs.org/jest-get-type 94ms (cache hit)
146 http fetch GET 200 https://registry.npmjs.org/react-is 102ms (cache hit)
147 timing idealTree:node_modules/@types/jest Completed in 153ms
148 silly placeDep node_modules/css source-map@0.6.1 OK for: css@3.0.0 want: ^0.6.1
149 silly placeDep ROOT source-map-resolve@0.6.0 OK for: css@3.0.0 want: ^0.6.0
150 silly fetch manifest atob@^2.1.2
151 silly fetch manifest decode-uri-component@^0.2.0
152 http fetch GET 200 https://registry.npmjs.org/atob 91ms (cache miss)
153 http fetch GET 200 https://registry.npmjs.org/decode-uri-component 156ms (cache miss)
154 timing idealTree:node_modules/css Completed in 183ms
155 timing idealTree:node_modules/css.escape Completed in 1ms
156 timing idealTree:node_modules/csstype Completed in 0ms
157 timing idealTree:node_modules/dom-accessibility-api Completed in 0ms
158 timing idealTree:node_modules/lz-string Completed in 0ms
159 silly placeDep ROOT indent-string@4.0.0 OK for: redent@3.0.0 want: ^4.0.0
160 silly placeDep ROOT strip-indent@3.0.0 OK for: redent@3.0.0 want: ^3.0.0
161 silly fetch manifest min-indent@^1.0.0
162 http fetch GET 200 https://registry.npmjs.org/min-indent 89ms (cache miss)
163 timing idealTree:node_modules/redent Completed in 113ms
164 timing idealTree:node_modules/indent-string Completed in 0ms
165 silly placeDep ROOT atob@2.1.2 OK for: source-map-resolve@0.6.0 want: ^2.1.2
166 silly placeDep ROOT decode-uri-component@0.2.0 OK for: source-map-resolve@0.6.0 want: ^0.2.0
167 timing idealTree:node_modules/source-map-resolve Completed in 16ms
168 timing idealTree:node_modules/atob Completed in 0ms
169 timing idealTree:node_modules/decode-uri-component Completed in 0ms
170 silly placeDep ROOT min-indent@1.0.1 OK for: strip-indent@3.0.0 want: ^1.0.0
171 timing idealTree:node_modules/strip-indent Completed in 8ms
172 timing idealTree:node_modules/min-indent Completed in 0ms
173 timing idealTree:node_modules/web-vitals Completed in 0ms
174 timing idealTree:node_modules/@testing-library/dom/node_modules/aria-query Completed in 0ms
175 silly placeDep node_modules/@testing-library/dom ansi-styles@4.3.0 OK for: chalk@4.1.2 want: ^4.1.0
176 silly placeDep node_modules/@testing-library/dom supports-color@7.2.0 OK for: chalk@4.1.2 want: ^7.1.0
177 silly fetch manifest color-convert@^2.0.1
178 silly fetch manifest has-flag@^4.0.0
179 http fetch GET 200 https://registry.npmjs.org/color-convert 67ms (cache hit)
180 http fetch GET 200 https://registry.npmjs.org/has-flag 65ms (cache hit)
181 timing idealTree:node_modules/@testing-library/dom/node_modules/chalk Completed in 88ms
182 silly placeDep node_modules/@testing-library/dom color-convert@2.0.1 OK for: ansi-styles@4.3.0 want: ^2.0.1
183 silly fetch manifest color-name@~1.1.4
184 http fetch GET 200 https://registry.npmjs.org/color-name 150ms (cache revalidated)
185 timing idealTree:node_modules/@testing-library/dom/node_modules/ansi-styles Completed in 174ms
186 silly placeDep node_modules/@testing-library/dom color-name@1.1.4 OK for: color-convert@2.0.1 want: ~1.1.4
187 timing idealTree:node_modules/@testing-library/dom/node_modules/color-convert Completed in 6ms
188 timing idealTree:node_modules/@testing-library/dom/node_modules/color-name Completed in 0ms
189 silly placeDep node_modules/@testing-library/dom has-flag@4.0.0 OK for: supports-color@7.2.0 want: ^4.0.0
190 timing idealTree:node_modules/@testing-library/dom/node_modules/supports-color Completed in 17ms
191 timing idealTree:node_modules/@testing-library/dom/node_modules/has-flag Completed in 0ms
192 timing idealTree:node_modules/@testing-library/jest-dom/node_modules/aria-query Completed in 0ms
193 silly placeDep node_modules/@testing-library/jest-dom ansi-styles@4.3.0 OK for: chalk@3.0.0 want: ^4.1.0
194 silly placeDep node_modules/@testing-library/jest-dom supports-color@7.2.0 OK for: chalk@3.0.0 want: ^7.1.0
195 timing idealTree:node_modules/@testing-library/jest-dom/node_modules/chalk Completed in 16ms
196 silly placeDep node_modules/@testing-library/jest-dom color-convert@2.0.1 OK for: ansi-styles@4.3.0 want: ^2.0.1
197 timing idealTree:node_modules/@testing-library/jest-dom/node_modules/ansi-styles Completed in 16ms
198 silly placeDep node_modules/@testing-library/jest-dom color-name@1.1.4 OK for: color-convert@2.0.1 want: ~1.1.4
199 timing idealTree:node_modules/@testing-library/jest-dom/node_modules/color-convert Completed in 14ms
200 timing idealTree:node_modules/@testing-library/jest-dom/node_modules/color-name Completed in 0ms
201 silly placeDep node_modules/@testing-library/jest-dom has-flag@4.0.0 OK for: supports-color@7.2.0 want: ^4.0.0
202 timing idealTree:node_modules/@testing-library/jest-dom/node_modules/supports-color Completed in 6ms
203 timing idealTree:node_modules/@testing-library/jest-dom/node_modules/has-flag Completed in 0ms
204 silly placeDep node_modules/@types/jest chalk@4.1.2 OK for: jest-matcher-utils@28.1.3 want: ^4.0.0
205 silly placeDep node_modules/@types/jest jest-diff@28.1.3 OK for: jest-matcher-utils@28.1.3 want: ^28.1.3
206 silly placeDep node_modules/@types/jest jest-get-type@28.0.2 OK for: jest-matcher-utils@28.1.3 want: ^28.0.2
207 silly fetch manifest diff-sequences@^28.1.1
208 http fetch GET 200 https://registry.npmjs.org/diff-sequences 24ms (cache hit)
209 timing idealTree:node_modules/@types/jest/node_modules/jest-matcher-utils Completed in 70ms
210 silly placeDep node_modules/@types/jest ansi-styles@4.3.0 OK for: chalk@4.1.2 want: ^4.1.0
211 silly placeDep node_modules/@types/jest supports-color@7.2.0 OK for: chalk@4.1.2 want: ^7.1.0
212 timing idealTree:node_modules/@types/jest/node_modules/chalk Completed in 31ms
213 silly placeDep node_modules/@types/jest color-convert@2.0.1 OK for: ansi-styles@4.3.0 want: ^2.0.1
214 timing idealTree:node_modules/@types/jest/node_modules/ansi-styles Completed in 6ms
215 silly placeDep node_modules/@types/jest color-name@1.1.4 OK for: color-convert@2.0.1 want: ~1.1.4
216 timing idealTree:node_modules/@types/jest/node_modules/color-convert Completed in 17ms
217 timing idealTree:node_modules/@types/jest/node_modules/color-name Completed in 0ms
218 silly placeDep node_modules/@types/jest diff-sequences@28.1.1 OK for: jest-diff@28.1.3 want: ^28.1.1
219 timing idealTree:node_modules/@types/jest/node_modules/jest-diff Completed in 12ms
220 timing idealTree:node_modules/@types/jest/node_modules/diff-sequences Completed in 1ms
221 timing idealTree:node_modules/@types/jest/node_modules/jest-get-type Completed in 0ms
222 silly placeDep node_modules/@types/jest/node_modules/pretty-format ansi-styles@5.2.0 OK for: pretty-format@28.1.3 want: ^5.0.0
223 silly placeDep node_modules/@types/jest react-is@18.2.0 OK for: pretty-format@28.1.3 want: ^18.0.0
224 timing idealTree:node_modules/@types/jest/node_modules/pretty-format Completed in 16ms
225 timing idealTree:node_modules/@types/jest/node_modules/react-is Completed in 0ms
226 silly placeDep node_modules/@types/jest has-flag@4.0.0 OK for: supports-color@7.2.0 want: ^4.0.0
227 timing idealTree:node_modules/@types/jest/node_modules/supports-color Completed in 14ms
228 timing idealTree:node_modules/@types/jest/node_modules/has-flag Completed in 0ms
229 timing idealTree:node_modules/css/node_modules/source-map Completed in 0ms
230 timing idealTree:node_modules/@types/jest/node_modules/pretty-format/node_modules/ansi-styles Completed in 0ms
231 timing idealTree:buildDeps Completed in 10597ms
232 timing idealTree:fixDepFlags Completed in 202ms
233 timing idealTree Completed in 17409ms
234 timing reify:loadTrees Completed in 17415ms
235 timing reify:diffTrees Completed in 181ms
236 silly reify moves {}
237 timing reify:retireShallow Completed in 5ms
238 timing reify:createSparse Completed in 121ms
239 timing reify:loadBundles Completed in 0ms
240 verbose reify failed optional dependency /home/eliasmorales/test/node_modules/fsevents
241 silly reify mark deleted [ '/home/eliasmorales/test/node_modules/fsevents' ]
242 timing reifyNode:node_modules/fsevents Completed in 58ms
243 silly tarball no local data for min-indent@https://registry.npmjs.org/min-indent/-/min-indent-1.0.1.tgz. Extracting by manifest.
244 silly tarball no local data for atob@https://registry.npmjs.org/atob/-/atob-2.1.2.tgz. Extracting by manifest.
245 silly tarball no local data for strip-indent@https://registry.npmjs.org/strip-indent/-/strip-indent-3.0.0.tgz. Extracting by manifest.
246 silly tarball no local data for indent-string@https://registry.npmjs.org/indent-string/-/indent-string-4.0.0.tgz. Extracting by manifest.
247 silly tarball no local data for source-map-resolve@https://registry.npmjs.org/source-map-resolve/-/source-map-resolve-0.6.0.tgz. Extracting by manifest.
248 silly tarball no local data for decode-uri-component@https://registry.npmjs.org/decode-uri-component/-/decode-uri-component-0.2.0.tgz. Extracting by manifest.
249 silly tarball no local data for @types/jest@https://registry.npmjs.org/@types/jest/-/jest-28.1.6.tgz. Extracting by manifest.
250 silly tarball no local data for csstype@https://registry.npmjs.org/csstype/-/csstype-3.1.0.tgz. Extracting by manifest.
251 silly tarball no local data for @types/scheduler@https://registry.npmjs.org/@types/scheduler/-/scheduler-0.16.2.tgz. Extracting by manifest.
252 silly tarball no local data for @types/prop-types@https://registry.npmjs.org/@types/prop-types/-/prop-types-15.7.5.tgz. Extracting by manifest.
253 silly tarball no local data for @types/react-dom@https://registry.npmjs.org/@types/react-dom/-/react-dom-18.0.6.tgz. Extracting by manifest.
254 silly tarball no local data for @types/react@https://registry.npmjs.org/@types/react/-/react-18.0.15.tgz. Extracting by manifest.
255 silly tarball no local data for redent@https://registry.npmjs.org/redent/-/redent-3.0.0.tgz. Extracting by manifest.
256 silly tarball no local data for css.escape@https://registry.npmjs.org/css.escape/-/css.escape-1.5.1.tgz. Extracting by manifest.
257 silly tarball no local data for css@https://registry.npmjs.org/css/-/css-3.0.0.tgz. Extracting by manifest.
258 silly tarball no local data for @types/testing-library__jest-dom@https://registry.npmjs.org/@types/testing-library__jest-dom/-/testing-library__jest-dom-5.14.5.tgz. Extracting by manifest.
259 silly tarball no local data for lz-string@https://registry.npmjs.org/lz-string/-/lz-string-1.4.4.tgz. Extracting by manifest.
260 silly tarball no local data for dom-accessibility-api@https://registry.npmjs.org/dom-accessibility-api/-/dom-accessibility-api-0.5.14.tgz. Extracting by manifest.
261 silly tarball no local data for @types/aria-query@https://registry.npmjs.org/@types/aria-query/-/aria-query-4.2.2.tgz. Extracting by manifest.
262 silly tarball no local data for web-vitals@https://registry.npmjs.org/web-vitals/-/web-vitals-2.1.4.tgz. Extracting by manifest.
263 silly tarball no local data for @testing-library/dom@https://registry.npmjs.org/@testing-library/dom/-/dom-8.16.0.tgz. Extracting by manifest.
264 silly tarball no local data for @testing-library/react@https://registry.npmjs.org/@testing-library/react/-/react-13.3.0.tgz. Extracting by manifest.
265 silly tarball no local data for @testing-library/user-event@https://registry.npmjs.org/@testing-library/user-event/-/user-event-13.5.0.tgz. Extracting by manifest.
266 silly tarball no local data for @testing-library/jest-dom@https://registry.npmjs.org/@testing-library/jest-dom/-/jest-dom-5.16.4.tgz. Extracting by manifest.
267 silly tarball no local data for diff-sequences@https://registry.npmjs.org/diff-sequences/-/diff-sequences-28.1.1.tgz. Extracting by manifest.
268 silly tarball no local data for jest-get-type@https://registry.npmjs.org/jest-get-type/-/jest-get-type-28.0.2.tgz. Extracting by manifest.
269 silly tarball no local data for jest-diff@https://registry.npmjs.org/jest-diff/-/jest-diff-28.1.3.tgz. Extracting by manifest.
270 silly tarball no local data for jest-matcher-utils@https://registry.npmjs.org/jest-matcher-utils/-/jest-matcher-utils-28.1.3.tgz. Extracting by manifest.
271 silly tarball no local data for aria-query@https://registry.npmjs.org/aria-query/-/aria-query-5.0.0.tgz. Extracting by manifest.
272 silly tarball no local data for chalk@https://registry.npmjs.org/chalk/-/chalk-3.0.0.tgz. Extracting by manifest.
273 silly tarball no local data for aria-query@https://registry.npmjs.org/aria-query/-/aria-query-5.0.0.tgz. Extracting by manifest.
274 timing reifyNode:node_modules/@types/jest/node_modules/color-name Completed in 2916ms
275 timing reifyNode:node_modules/@testing-library/dom/node_modules/color-name Completed in 2914ms
276 timing reifyNode:node_modules/@testing-library/jest-dom/node_modules/color-name Completed in 2916ms
277 timing reifyNode:node_modules/@types/jest/node_modules/has-flag Completed in 2989ms
278 timing reifyNode:node_modules/@types/jest/node_modules/supports-color Completed in 2990ms
279 timing reifyNode:node_modules/@testing-library/dom/node_modules/has-flag Completed in 2988ms
280 timing reifyNode:node_modules/@testing-library/dom/node_modules/supports-color Completed in 2991ms
281 timing reifyNode:node_modules/@testing-library/jest-dom/node_modules/has-flag Completed in 2991ms
282 timing reifyNode:node_modules/@testing-library/jest-dom/node_modules/supports-color Completed in 2993ms
283 timing reifyNode:node_modules/@types/jest/node_modules/ansi-styles Completed in 3054ms
284 timing reifyNode:node_modules/@types/jest/node_modules/pretty-format/node_modules/ansi-styles Completed in 3055ms
285 timing reifyNode:node_modules/@testing-library/dom/node_modules/ansi-styles Completed in 3060ms
286 timing reifyNode:node_modules/@testing-library/jest-dom/node_modules/ansi-styles Completed in 3061ms
287 timing reifyNode:node_modules/@types/jest/node_modules/color-convert Completed in 3213ms
288 timing reifyNode:node_modules/@testing-library/dom/node_modules/color-convert Completed in 3213ms
289 timing reifyNode:node_modules/@testing-library/jest-dom/node_modules/color-convert Completed in 3212ms
290 timing reifyNode:node_modules/@types/jest/node_modules/chalk Completed in 3299ms
291 timing reifyNode:node_modules/@testing-library/dom/node_modules/chalk Completed in 3305ms
292 http fetch GET 200 https://registry.npmjs.org/decode-uri-component/-/decode-uri-component-0.2.0.tgz 2975ms (cache miss)
293 timing reifyNode:node_modules/decode-uri-component Completed in 3335ms
294 http fetch GET 200 https://registry.npmjs.org/strip-indent/-/strip-indent-3.0.0.tgz 3063ms (cache miss)
295 timing reifyNode:node_modules/strip-indent Completed in 3350ms
296 http fetch GET 200 https://registry.npmjs.org/min-indent/-/min-indent-1.0.1.tgz 3114ms (cache miss)
297 timing reifyNode:node_modules/min-indent Completed in 3367ms
298 timing reifyNode:node_modules/@types/jest/node_modules/react-is Completed in 3409ms
299 http fetch GET 200 https://registry.npmjs.org/indent-string/-/indent-string-4.0.0.tgz 3125ms (cache miss)
300 timing reifyNode:node_modules/indent-string Completed in 3429ms
301 http fetch GET 200 https://registry.npmjs.org/@types/testing-library__jest-dom/-/testing-library__jest-dom-5.14.5.tgz 2887ms (cache miss)
302 timing reifyNode:node_modules/@types/testing-library__jest-dom Completed in 3440ms
303 http fetch GET 200 https://registry.npmjs.org/@types/prop-types/-/prop-types-15.7.5.tgz 3017ms (cache miss)
304 timing reifyNode:node_modules/@types/prop-types Completed in 3463ms
305 http fetch GET 200 https://registry.npmjs.org/@types/jest/-/jest-28.1.6.tgz 3168ms (cache miss)
306 timing reifyNode:node_modules/@types/jest Completed in 3543ms
307 http fetch GET 200 https://registry.npmjs.org/jest-get-type/-/jest-get-type-28.0.2.tgz 2666ms (cache miss)
308 timing reifyNode:node_modules/@types/jest/node_modules/jest-get-type Completed in 3581ms
309 http fetch GET 200 https://registry.npmjs.org/chalk/-/chalk-3.0.0.tgz 2601ms (cache miss)
310 timing reifyNode:node_modules/@testing-library/jest-dom/node_modules/chalk Completed in 3586ms
311 http fetch GET 200 https://registry.npmjs.org/@types/aria-query/-/aria-query-4.2.2.tgz 3117ms (cache miss)
312 timing reifyNode:node_modules/@types/aria-query Completed in 3738ms
313 http fetch GET 200 https://registry.npmjs.org/diff-sequences/-/diff-sequences-28.1.1.tgz 2917ms (cache miss)
314 timing reifyNode:node_modules/@types/jest/node_modules/diff-sequences Completed in 3812ms
315 http fetch GET 200 https://registry.npmjs.org/redent/-/redent-3.0.0.tgz 3336ms (cache miss)
316 timing reifyNode:node_modules/redent Completed in 3826ms
317 http fetch GET 200 https://registry.npmjs.org/jest-matcher-utils/-/jest-matcher-utils-28.1.3.tgz 2892ms (cache miss)
318 timing reifyNode:node_modules/@types/jest/node_modules/jest-matcher-utils Completed in 3842ms
319 http fetch GET 200 https://registry.npmjs.org/source-map-resolve/-/source-map-resolve-0.6.0.tgz 3552ms (cache miss)
320 warn deprecated source-map-resolve@0.6.0: See https://github.com/lydell/source-map-resolve#deprecated
321 timing reifyNode:node_modules/source-map-resolve Completed in 3877ms
322 http fetch GET 200 https://registry.npmjs.org/css.escape/-/css.escape-1.5.1.tgz 3372ms (cache miss)
323 timing reifyNode:node_modules/css.escape Completed in 3896ms
324 http fetch GET 200 https://registry.npmjs.org/@types/scheduler/-/scheduler-0.16.2.tgz 3485ms (cache miss)
325 timing reifyNode:node_modules/@types/scheduler Completed in 3915ms
326 http fetch GET 200 https://registry.npmjs.org/jest-diff/-/jest-diff-28.1.3.tgz 3144ms (cache miss)
327 http fetch GET 200 https://registry.npmjs.org/atob/-/atob-2.1.2.tgz 3864ms (cache miss)
328 timing reifyNode:node_modules/atob Completed in 4134ms
329 http fetch GET 200 https://registry.npmjs.org/css/-/css-3.0.0.tgz 3653ms (cache miss)
330 http fetch GET 200 https://registry.npmjs.org/@types/react-dom/-/react-dom-18.0.6.tgz 3764ms (cache miss)
331 timing reifyNode:node_modules/@types/react-dom Completed in 4224ms
332 timing reifyNode:node_modules/@types/jest/node_modules/jest-diff Completed in 4229ms
333 timing reifyNode:node_modules/css Completed in 4231ms
334 timing reifyNode:node_modules/@types/jest/node_modules/pretty-format Completed in 4295ms
335 http fetch GET 200 https://registry.npmjs.org/@types/react/-/react-18.0.15.tgz 4337ms (cache miss)
336 timing reifyNode:node_modules/@types/react Completed in 4813ms
337 http fetch GET 200 https://registry.npmjs.org/lz-string/-/lz-string-1.4.4.tgz 4362ms (cache miss)
338 timing reifyNode:node_modules/lz-string Completed in 4932ms
339 http fetch GET 200 https://registry.npmjs.org/@testing-library/jest-dom/-/jest-dom-5.16.4.tgz 4295ms (cache miss)
340 timing reifyNode:node_modules/@testing-library/jest-dom Completed in 5111ms
341 timing reifyNode:node_modules/css/node_modules/source-map Completed in 5356ms
342 http fetch GET 200 https://registry.npmjs.org/web-vitals/-/web-vitals-2.1.4.tgz 5073ms (cache miss)
343 http fetch GET 200 https://registry.npmjs.org/dom-accessibility-api/-/dom-accessibility-api-0.5.14.tgz 5132ms (cache miss)
344 timing reifyNode:node_modules/dom-accessibility-api Completed in 5755ms
345 timing reifyNode:node_modules/web-vitals Completed in 5759ms
346 http fetch GET 200 https://registry.npmjs.org/csstype/-/csstype-3.1.0.tgz 5605ms (cache miss)
347 timing reifyNode:node_modules/csstype Completed in 5989ms
348 http fetch GET 200 https://registry.npmjs.org/@testing-library/user-event/-/user-event-13.5.0.tgz 5604ms (cache miss)
349 timing reifyNode:node_modules/@testing-library/user-event Completed in 6343ms
350 http fetch GET 200 https://registry.npmjs.org/@testing-library/dom/-/dom-8.16.0.tgz 6485ms (cache miss)
351 timing reifyNode:node_modules/@testing-library/dom Completed in 7158ms
352 http fetch GET 200 https://registry.npmjs.org/aria-query/-/aria-query-5.0.0.tgz 6358ms (cache miss)
353 timing reifyNode:node_modules/@testing-library/jest-dom/node_modules/aria-query Completed in 7358ms
354 http fetch GET 200 https://registry.npmjs.org/aria-query/-/aria-query-5.0.0.tgz 6412ms (cache miss)
355 timing reifyNode:node_modules/@testing-library/dom/node_modules/aria-query Completed in 7381ms
356 http fetch GET 200 https://registry.npmjs.org/@testing-library/react/-/react-13.3.0.tgz 6816ms (cache miss)
357 timing reifyNode:node_modules/@testing-library/react Completed in 7484ms
358 timing reify:unpack Completed in 7501ms
359 timing reify:unretire Completed in 1ms
360 timing build:queue Completed in 17ms
361 timing build:link:node_modules/atob Completed in 19ms
362 timing build:link:node_modules/lz-string Completed in 16ms
363 timing build:link Completed in 21ms
364 timing build:deps Completed in 39ms
365 timing build Completed in 40ms
366 timing reify:build Completed in 43ms
367 timing reify:trash Completed in 4ms
368 timing reify:save Completed in 1877ms
369 timing reify Completed in 27994ms
370 silly ADD node_modules/min-indent
371 silly ADD node_modules/decode-uri-component
372 silly ADD node_modules/atob
373 silly ADD node_modules/strip-indent
374 silly ADD node_modules/indent-string
375 silly ADD node_modules/source-map-resolve
376 silly ADD node_modules/@types/jest
377 silly ADD node_modules/@types/jest/node_modules/has-flag
378 silly ADD node_modules/@types/jest/node_modules/react-is
379 silly ADD node_modules/@types/jest/node_modules/diff-sequences
380 silly ADD node_modules/@types/jest/node_modules/color-name
381 silly ADD node_modules/@types/jest/node_modules/color-convert
382 silly ADD node_modules/@types/jest/node_modules/supports-color
383 silly ADD node_modules/@types/jest/node_modules/ansi-styles
384 silly ADD node_modules/@types/jest/node_modules/jest-get-type
385 silly ADD node_modules/@types/jest/node_modules/jest-diff
386 silly ADD node_modules/@types/jest/node_modules/chalk
387 silly ADD node_modules/@types/jest/node_modules/pretty-format
388 silly ADD node_modules/@types/jest/node_modules/pretty-format/node_modules/ansi-styles
389 silly ADD node_modules/@types/jest/node_modules/jest-matcher-utils
390 silly ADD node_modules/csstype
391 silly ADD node_modules/@types/scheduler
392 silly ADD node_modules/@types/prop-types
393 silly ADD node_modules/@types/react
394 silly ADD node_modules/@types/react-dom
395 silly ADD node_modules/redent
396 silly ADD node_modules/css.escape
397 silly ADD node_modules/css
398 silly ADD node_modules/css/node_modules/source-map
399 silly ADD node_modules/@types/testing-library__jest-dom
400 silly ADD node_modules/lz-string
401 silly ADD node_modules/dom-accessibility-api
402 silly ADD node_modules/@types/aria-query
403 silly ADD node_modules/web-vitals
404 silly ADD node_modules/@testing-library/dom
405 silly ADD node_modules/@testing-library/dom/node_modules/has-flag
406 silly ADD node_modules/@testing-library/dom/node_modules/color-name
407 silly ADD node_modules/@testing-library/dom/node_modules/color-convert
408 silly ADD node_modules/@testing-library/dom/node_modules/supports-color
409 silly ADD node_modules/@testing-library/dom/node_modules/ansi-styles
410 silly ADD node_modules/@testing-library/dom/node_modules/chalk
411 silly ADD node_modules/@testing-library/dom/node_modules/aria-query
412 silly ADD node_modules/@testing-library/user-event
413 silly ADD node_modules/@testing-library/react
414 silly ADD node_modules/@testing-library/jest-dom
415 silly ADD node_modules/@testing-library/jest-dom/node_modules/has-flag
416 silly ADD node_modules/@testing-library/jest-dom/node_modules/color-name
417 silly ADD node_modules/@testing-library/jest-dom/node_modules/color-convert
418 silly ADD node_modules/@testing-library/jest-dom/node_modules/supports-color
419 silly ADD node_modules/@testing-library/jest-dom/node_modules/ansi-styles
420 silly ADD node_modules/@testing-library/jest-dom/node_modules/chalk
421 silly ADD node_modules/@testing-library/jest-dom/node_modules/aria-query
422 silly ADD
423 timing command:install Completed in 28065ms
424 verbose exit 0
425 timing npm Completed in 28577ms
426 info ok
