0 verbose cli /home/eliasmorales/.nvm/versions/node/v16.16.0/bin/node /home/eliasmorales/.nvm/versions/node/v16.16.0/bin/npm
1 info using npm@8.11.0
2 info using node@v16.16.0
3 timing npm:load:whichnode Completed in 1ms
4 timing config:load:defaults Completed in 9ms
5 timing config:load:file:/home/eliasmorales/.nvm/versions/node/v16.16.0/lib/node_modules/npm/npmrc Completed in 4ms
6 timing config:load:builtin Completed in 6ms
7 timing config:load:cli Completed in 6ms
8 timing config:load:env Completed in 3ms
9 timing config:load:file:/home/.npmrc Completed in 4ms
10 timing config:load:project Completed in 47ms
11 timing config:load:file:/home/eliasmorales/.npmrc Completed in 2ms
12 timing config:load:user Completed in 5ms
13 timing config:load:file:/home/eliasmorales/.nvm/versions/node/v16.16.0/etc/npmrc Completed in 2ms
14 timing config:load:global Completed in 3ms
15 timing config:load:validate Completed in 0ms
16 timing config:load:credentials Completed in 3ms
17 timing config:load:setEnvs Completed in 3ms
18 timing config:load Completed in 92ms
19 timing npm:load:configload Completed in 93ms
20 timing npm:load:mkdirpcache Completed in 4ms
21 timing npm:load:mkdirplogs Completed in 2ms
22 verbose title npm test
23 verbose argv "test"
24 timing npm:load:setTitle Completed in 5ms
25 timing config:load:flatten Completed in 12ms
26 timing npm:load:display Completed in 20ms
27 verbose logfile logs-max:10 dir:/home/eliasmorales/.npm/_logs
28 verbose logfile /home/eliasmorales/.npm/_logs/2022-07-26T01_33_36_936Z-debug-0.log
29 timing npm:load:logFile Completed in 22ms
30 timing npm:load:timers Completed in 1ms
31 timing npm:load:configScope Completed in 0ms
32 timing npm:load Completed in 151ms
33 silly logfile start cleaning logs, removing 3 files
34 timing command:run-script Completed in 16ms
35 timing command:test Completed in 33ms
36 verbose stack Error: ENOENT: no such file or directory, open '/home/package.json'
37 verbose cwd /home
38 verbose Linux 5.10.16.3-microsoft-standard-WSL2
39 verbose node v16.16.0
40 verbose npm  v8.11.0
41 error code ENOENT
42 error syscall open
43 error path /home/package.json
44 error errno -2
45 error enoent ENOENT: no such file or directory, open '/home/package.json'
46 error enoent This is related to npm not being able to find a file.
46 error enoent
47 verbose exit -2
48 timing npm Completed in 240ms
49 verbose code -2
50 error A complete log of this run can be found in:
50 error     /home/eliasmorales/.npm/_logs/2022-07-26T01_33_36_936Z-debug-0.log
