0 verbose cli /home/eliasmorales/.nvm/versions/node/v16.16.0/bin/node /home/eliasmorales/.nvm/versions/node/v16.16.0/bin/npm
1 info using npm@8.11.0
2 info using node@v16.16.0
3 timing npm:load:whichnode Completed in 1ms
4 timing config:load:defaults Completed in 19ms
5 timing config:load:file:/home/eliasmorales/.nvm/versions/node/v16.16.0/lib/node_modules/npm/npmrc Completed in 13ms
6 timing config:load:builtin Completed in 15ms
7 timing config:load:cli Completed in 31ms
8 timing config:load:env Completed in 2ms
9 timing config:load:file:/home/eliasmorales/.cache/typescript/4.7/.npmrc Completed in 1ms
10 timing config:load:project Completed in 361ms
11 timing config:load:file:/home/eliasmorales/.npmrc Completed in 12ms
12 timing config:load:user Completed in 13ms
13 timing config:load:file:/home/eliasmorales/.nvm/versions/node/v16.16.0/etc/npmrc Completed in 1ms
14 timing config:load:global Completed in 2ms
15 timing config:load:validate Completed in 1ms
16 timing config:load:credentials Completed in 15ms
17 timing config:load:setEnvs Completed in 14ms
18 timing config:load Completed in 491ms
19 timing npm:load:configload Completed in 491ms
20 timing npm:load:mkdirpcache Completed in 15ms
21 timing npm:load:mkdirplogs Completed in 3ms
22 verbose title npm install @types/testing-library__jest-dom@ts4.7 @types/react@ts4.7 @types/react-dom@ts4.7
23 verbose argv "install" "--ignore-scripts" "@types/testing-library__jest-dom@ts4.7" "@types/react@ts4.7" "@types/react-dom@ts4.7" "--save-dev" "--user-agent" "typesInstaller/4.7.3"
24 timing npm:load:setTitle Completed in 27ms
25 timing config:load:flatten Completed in 34ms
26 timing npm:load:display Completed in 49ms
27 verbose logfile logs-max:10 dir:/home/eliasmorales/.npm/_logs
28 verbose logfile /home/eliasmorales/.npm/_logs/2022-07-26T02_06_31_113Z-debug-0.log
29 timing npm:load:logFile Completed in 68ms
30 timing npm:load:timers Completed in 1ms
31 timing npm:load:configScope Completed in 0ms
32 timing npm:load Completed in 671ms
33 timing arborist:ctor Completed in 14ms
34 silly logfile start cleaning logs, removing 1 files
35 silly logfile done cleaning log files
36 timing idealTree:init Completed in 224ms
37 timing arborist:ctor Completed in 1ms
38 http fetch GET 200 https://registry.npmjs.org/@types%2ftesting-library__jest-dom 2745ms (cache revalidated)
39 http fetch GET 200 https://registry.npmjs.org/@types%2freact-dom 2979ms (cache revalidated)
40 http fetch GET 200 https://registry.npmjs.org/@types%2freact 3858ms (cache revalidated)
41 timing idealTree:userRequests Completed in 3991ms
42 silly idealTree buildDeps
43 silly fetch manifest @types/testing-library__jest-dom@5.14.5
44 silly fetch manifest @types/react@18.0.15
45 silly fetch manifest @types/react-dom@18.0.6
46 silly placeDep ROOT @types/react@18.0.15 OK for:  want: 18.0.15
47 silly placeDep ROOT @types/react-dom@18.0.6 OK for:  want: 18.0.6
48 silly placeDep ROOT @types/testing-library__jest-dom@5.14.5 OK for:  want: 5.14.5
49 silly fetch manifest @types/prop-types@*
50 silly fetch manifest @types/scheduler@*
51 silly fetch manifest csstype@^3.0.2
52 silly fetch manifest @types/jest@*
53 http fetch GET 200 https://registry.npmjs.org/@types%2fprop-types 587ms (cache revalidated)
54 http fetch GET 200 https://registry.npmjs.org/@types%2fscheduler 581ms (cache revalidated)
55 http fetch GET 200 https://registry.npmjs.org/csstype 601ms (cache revalidated)
56 http fetch GET 200 https://registry.npmjs.org/@types%2fjest 631ms (cache revalidated)
57 timing idealTree:#root Completed in 1523ms
58 silly placeDep ROOT @types/prop-types@15.7.5 OK for: @types/react@18.0.15 want: *
59 silly placeDep ROOT @types/scheduler@0.16.2 OK for: @types/react@18.0.15 want: *
60 silly placeDep ROOT csstype@3.1.0 OK for: @types/react@18.0.15 want: ^3.0.2
61 timing idealTree:node_modules/@types/react Completed in 107ms
62 timing idealTree:node_modules/@types/prop-types Completed in 1ms
63 timing idealTree:node_modules/@types/react-dom Completed in 0ms
64 timing idealTree:node_modules/@types/scheduler Completed in 0ms
65 silly placeDep ROOT @types/jest@28.1.6 OK for: @types/testing-library__jest-dom@5.14.5 want: *
66 silly fetch manifest jest-matcher-utils@^28.0.0
67 silly fetch manifest pretty-format@^28.0.0
68 http fetch GET 200 https://registry.npmjs.org/jest-matcher-utils 1385ms (cache revalidated)
69 http fetch GET 200 https://registry.npmjs.org/pretty-format 1493ms (cache revalidated)
70 timing idealTree:node_modules/@types/testing-library__jest-dom Completed in 1582ms
71 silly placeDep ROOT jest-matcher-utils@28.1.3 OK for: @types/jest@28.1.6 want: ^28.0.0
72 silly placeDep ROOT pretty-format@28.1.3 OK for: @types/jest@28.1.6 want: ^28.0.0
73 silly fetch manifest chalk@^4.0.0
74 silly fetch manifest jest-diff@^28.1.3
75 silly fetch manifest jest-get-type@^28.0.2
76 silly fetch manifest @jest/schemas@^28.1.3
77 silly fetch manifest ansi-regex@^5.0.1
78 silly fetch manifest ansi-styles@^5.0.0
79 silly fetch manifest react-is@^18.0.0
80 http fetch GET 200 https://registry.npmjs.org/jest-diff 1045ms (cache revalidated)
81 http fetch GET 200 https://registry.npmjs.org/jest-get-type 1112ms (cache revalidated)
82 http fetch GET 200 https://registry.npmjs.org/@jest%2fschemas 1125ms (cache revalidated)
83 http fetch GET 200 https://registry.npmjs.org/ansi-regex 1129ms (cache revalidated)
84 http fetch GET 200 https://registry.npmjs.org/ansi-styles 1168ms (cache revalidated)
85 http fetch GET 200 https://registry.npmjs.org/chalk 1234ms (cache revalidated)
86 http fetch GET 200 https://registry.npmjs.org/react-is 1240ms (cache revalidated)
87 timing idealTree:node_modules/@types/jest Completed in 1382ms
88 timing idealTree:node_modules/csstype Completed in 0ms
89 silly placeDep ROOT chalk@4.1.2 OK for: jest-matcher-utils@28.1.3 want: ^4.0.0
90 silly placeDep ROOT jest-diff@28.1.3 OK for: jest-matcher-utils@28.1.3 want: ^28.1.3
91 silly placeDep ROOT jest-get-type@28.0.2 OK for: jest-matcher-utils@28.1.3 want: ^28.0.2
92 silly fetch manifest ansi-styles@^4.1.0
93 silly fetch manifest supports-color@^7.1.0
94 silly fetch manifest diff-sequences@^28.1.1
95 http fetch GET 200 https://registry.npmjs.org/supports-color 165ms (cache revalidated)
96 http fetch GET 200 https://registry.npmjs.org/diff-sequences 174ms (cache revalidated)
97 timing idealTree:node_modules/jest-matcher-utils Completed in 246ms
98 silly placeDep ROOT ansi-styles@4.3.0 OK for: chalk@4.1.2 want: ^4.1.0
99 silly placeDep ROOT supports-color@7.2.0 OK for: chalk@4.1.2 want: ^7.1.0
100 silly fetch manifest color-convert@^2.0.1
101 silly fetch manifest has-flag@^4.0.0
102 http fetch GET 200 https://registry.npmjs.org/color-convert 112ms (cache revalidated)
103 http fetch GET 200 https://registry.npmjs.org/has-flag 117ms (cache revalidated)
104 timing idealTree:node_modules/chalk Completed in 146ms
105 silly placeDep ROOT color-convert@2.0.1 OK for: ansi-styles@4.3.0 want: ^2.0.1
106 silly fetch manifest color-name@~1.1.4
107 http fetch GET 200 https://registry.npmjs.org/color-name 97ms (cache revalidated)
108 timing idealTree:node_modules/ansi-styles Completed in 112ms
109 silly placeDep ROOT color-name@1.1.4 OK for: color-convert@2.0.1 want: ~1.1.4
110 timing idealTree:node_modules/color-convert Completed in 19ms
111 timing idealTree:node_modules/color-name Completed in 0ms
112 silly placeDep ROOT diff-sequences@28.1.1 OK for: jest-diff@28.1.3 want: ^28.1.1
113 timing idealTree:node_modules/jest-diff Completed in 6ms
114 timing idealTree:node_modules/diff-sequences Completed in 0ms
115 timing idealTree:node_modules/jest-get-type Completed in 0ms
116 silly placeDep ROOT @jest/schemas@28.1.3 OK for: pretty-format@28.1.3 want: ^28.1.3
117 silly placeDep ROOT ansi-regex@5.0.1 OK for: pretty-format@28.1.3 want: ^5.0.1
118 silly placeDep node_modules/pretty-format ansi-styles@5.2.0 OK for: pretty-format@28.1.3 want: ^5.0.0
119 silly placeDep ROOT react-is@18.2.0 OK for: pretty-format@28.1.3 want: ^18.0.0
120 silly fetch manifest @sinclair/typebox@^0.24.1
121 http fetch GET 200 https://registry.npmjs.org/@sinclair%2ftypebox 170ms (cache revalidated)
122 timing idealTree:node_modules/pretty-format Completed in 228ms
123 silly placeDep ROOT @sinclair/typebox@0.24.20 OK for: @jest/schemas@28.1.3 want: ^0.24.1
124 timing idealTree:node_modules/@jest/schemas Completed in 8ms
125 timing idealTree:node_modules/@sinclair/typebox Completed in 0ms
126 timing idealTree:node_modules/ansi-regex Completed in 0ms
127 timing idealTree:node_modules/react-is Completed in 0ms
128 silly placeDep ROOT has-flag@4.0.0 OK for: supports-color@7.2.0 want: ^4.0.0
129 timing idealTree:node_modules/supports-color Completed in 6ms
130 timing idealTree:node_modules/has-flag Completed in 0ms
131 timing idealTree:node_modules/pretty-format/node_modules/ansi-styles Completed in 0ms
132 timing idealTree:buildDeps Completed in 5404ms
133 timing idealTree:fixDepFlags Completed in 7ms
134 timing idealTree Completed in 9637ms
135 timing reify:loadTrees Completed in 9641ms
136 timing reify:diffTrees Completed in 12ms
137 silly reify moves {}
138 timing reify:retireShallow Completed in 11ms
139 timing reify:createSparse Completed in 205ms
140 timing reify:loadBundles Completed in 0ms
141 silly audit bulk request {
141 silly audit   'types-registry': [ '0.1.602' ],
141 silly audit   '@types/react': [ '18.0.15' ],
141 silly audit   '@types/react-dom': [ '18.0.6' ],
141 silly audit   '@types/testing-library__jest-dom': [ '5.14.5' ],
141 silly audit   '@types/prop-types': [ '15.7.5' ],
141 silly audit   '@types/scheduler': [ '0.16.2' ],
141 silly audit   csstype: [ '3.1.0' ],
141 silly audit   '@types/jest': [ '28.1.6' ],
141 silly audit   'jest-matcher-utils': [ '28.1.3' ],
141 silly audit   'pretty-format': [ '28.1.3' ],
141 silly audit   chalk: [ '4.1.2' ],
141 silly audit   'jest-diff': [ '28.1.3' ],
141 silly audit   'jest-get-type': [ '28.0.2' ],
141 silly audit   'ansi-styles': [ '4.3.0', '5.2.0' ],
141 silly audit   'supports-color': [ '7.2.0' ],
141 silly audit   'color-convert': [ '2.0.1' ],
141 silly audit   'color-name': [ '1.1.4' ],
141 silly audit   'diff-sequences': [ '28.1.1' ],
141 silly audit   '@jest/schemas': [ '28.1.3' ],
141 silly audit   'ansi-regex': [ '5.0.1' ],
141 silly audit   'react-is': [ '18.2.0' ],
141 silly audit   '@sinclair/typebox': [ '0.24.20' ],
141 silly audit   'has-flag': [ '4.0.0' ]
141 silly audit }
142 http fetch POST 200 https://registry.npmjs.org/-/npm/v1/security/advisories/bulk 771ms
143 timing auditReport:getReport Completed in 790ms
144 silly audit report {}
145 timing auditReport:init Completed in 1ms
146 timing reify:audit Completed in 794ms
147 timing reifyNode:node_modules/color-name Completed in 972ms
148 timing reifyNode:node_modules/@types/prop-types Completed in 977ms
149 timing reifyNode:node_modules/has-flag Completed in 997ms
150 timing reifyNode:node_modules/ansi-regex Completed in 997ms
151 timing reifyNode:node_modules/jest-get-type Completed in 987ms
152 timing reifyNode:node_modules/supports-color Completed in 1003ms
153 timing reifyNode:node_modules/@types/scheduler Completed in 1006ms
154 timing reifyNode:node_modules/@jest/schemas Completed in 1030ms
155 timing reifyNode:node_modules/ansi-styles Completed in 1022ms
156 timing reifyNode:node_modules/pretty-format/node_modules/ansi-styles Completed in 1024ms
157 timing reifyNode:node_modules/@types/jest Completed in 1047ms
158 timing reifyNode:node_modules/@types/testing-library__jest-dom Completed in 1056ms
159 timing reifyNode:node_modules/color-convert Completed in 1065ms
160 timing reifyNode:node_modules/jest-matcher-utils Completed in 1078ms
161 timing reifyNode:node_modules/diff-sequences Completed in 1092ms
162 timing reifyNode:node_modules/chalk Completed in 1093ms
163 timing reifyNode:node_modules/@types/react-dom Completed in 1114ms
164 timing reifyNode:node_modules/react-is Completed in 1134ms
165 timing reifyNode:node_modules/@types/react Completed in 1220ms
166 timing reifyNode:node_modules/jest-diff Completed in 1238ms
167 timing reifyNode:node_modules/pretty-format Completed in 1275ms
168 timing reifyNode:node_modules/@sinclair/typebox Completed in 1361ms
169 timing reifyNode:node_modules/csstype Completed in 1359ms
170 timing reify:unpack Completed in 1376ms
171 timing reify:unretire Completed in 1ms
172 timing build:queue Completed in 15ms
173 timing build:deps Completed in 17ms
174 timing build Completed in 19ms
175 timing reify:build Completed in 22ms
176 timing reify:trash Completed in 1ms
177 timing reify:save Completed in 107ms
178 timing reify Completed in 12032ms
179 silly ADD node_modules/has-flag
180 silly ADD node_modules/@sinclair/typebox
181 silly ADD node_modules/react-is
182 silly ADD node_modules/ansi-regex
183 silly ADD node_modules/@jest/schemas
184 silly ADD node_modules/diff-sequences
185 silly ADD node_modules/color-name
186 silly ADD node_modules/color-convert
187 silly ADD node_modules/supports-color
188 silly ADD node_modules/ansi-styles
189 silly ADD node_modules/jest-get-type
190 silly ADD node_modules/jest-diff
191 silly ADD node_modules/chalk
192 silly ADD node_modules/pretty-format
193 silly ADD node_modules/pretty-format/node_modules/ansi-styles
194 silly ADD node_modules/jest-matcher-utils
195 silly ADD node_modules/@types/jest
196 silly ADD node_modules/csstype
197 silly ADD node_modules/@types/scheduler
198 silly ADD node_modules/@types/prop-types
199 silly ADD node_modules/@types/testing-library__jest-dom
200 silly ADD node_modules/@types/react-dom
201 silly ADD node_modules/@types/react
202 timing command:install Completed in 12091ms
203 verbose exit 0
204 timing npm Completed in 13630ms
205 info ok
