[2022-07-26T02:03:38.604Z] Log level: Info
[2022-07-26T02:03:38.685Z] [info] Validating found git in: git
[2022-07-26T02:03:39.777Z] [info] Using git 2.34.1 from git
[2022-07-26T02:03:40.432Z] > git rev-parse --show-toplevel [161ms]
[2022-07-26T02:03:40.545Z] > git rev-parse --git-dir --git-common-dir [27ms]
[2022-07-26T02:03:40.674Z] [info] Open repository: /home/eliasmorales/test
[2022-07-26T02:03:40.788Z] > git status -z -uall [33ms]
[2022-07-26T02:03:40.839Z] > git symbolic-ref --short HEAD [11ms]
[2022-07-26T02:03:40.891Z] > git for-each-ref --format=%(refname)%00%(upstream:short)%00%(objectname)%00%(upstream:track)%00%(upstream:remotename)%00%(upstream:remoteref) refs/heads/master refs/remotes/master [16ms]
[2022-07-26T02:03:40.981Z] > git remote --verbose [19ms]
[2022-07-26T02:03:40.994Z] > git for-each-ref --sort -committerdate --format %(refname) %(objectname) %(*objectname) [62ms]
[2022-07-26T02:03:41.080Z] > git config --get commit.template [2ms]
[2022-07-26T02:03:41.163Z] > git status -z -uall [14ms]
[2022-07-26T02:03:41.220Z] > git symbolic-ref --short HEAD [25ms]
[2022-07-26T02:03:41.287Z] > git for-each-ref --format=%(refname)%00%(upstream:short)%00%(objectname)%00%(upstream:track)%00%(upstream:remotename)%00%(upstream:remoteref) refs/heads/master refs/remotes/master [30ms]
[2022-07-26T02:03:41.354Z] > git for-each-ref --sort -committerdate --format %(refname) %(objectname) %(*objectname) [35ms]
[2022-07-26T02:03:41.358Z] > git remote --verbose [20ms]
[2022-07-26T02:03:41.420Z] > git config --get commit.template [9ms]
[2022-07-26T02:05:00.438Z] > git check-ignore -v -z --stdin [19ms]
[2022-07-26T02:05:17.043Z] > git check-ignore -v -z --stdin [13ms]
[2022-07-26T02:05:21.861Z] > git check-ignore -v -z --stdin [12ms]
[2022-07-26T02:05:34.856Z] > git show --textconv :src/App.js [106ms]
[2022-07-26T02:05:34.875Z] > git ls-files --stage -- /home/eliasmorales/test/src/App.js [48ms]
[2022-07-26T02:05:34.970Z] > git cat-file -s 37845757234ccb68531c10cf7a2ffc589c47e342 [51ms]
[2022-07-26T02:09:23.223Z] > git status -z -uall [40ms]
[2022-07-26T02:09:23.277Z] > git symbolic-ref --short HEAD [18ms]
[2022-07-26T02:09:23.321Z] > git for-each-ref --format=%(refname)%00%(upstream:short)%00%(objectname)%00%(upstream:track)%00%(upstream:remotename)%00%(upstream:remoteref) refs/heads/master refs/remotes/master [14ms]
[2022-07-26T02:09:23.367Z] > git for-each-ref --sort -committerdate --format %(refname) %(objectname) %(*objectname) [29ms]
[2022-07-26T02:09:23.370Z] > git remote --verbose [10ms]
[2022-07-26T02:09:23.432Z] > git config --get commit.template [16ms]
[2022-07-26T02:35:47.432Z] > git check-ignore -v -z --stdin [57ms]
[2022-07-26T02:35:51.887Z] > git check-ignore -v -z --stdin [29ms]
