[2022-07-26T23:31:03.167Z] Log level: Info
[2022-07-26T23:31:03.227Z] [info] Validating found git in: git
[2022-07-26T23:31:03.809Z] [info] Using git 2.34.1 from git
[2022-07-26T23:31:08.410Z] > git rev-parse --show-toplevel [4384ms]
[2022-07-26T23:31:09.249Z] > git rev-parse --git-dir --git-common-dir [750ms]
[2022-07-26T23:31:09.337Z] [info] Open repository: /home/eliasmorales
[2022-07-26T23:31:10.362Z] > git check-ignore -v -z --stdin [101ms]
[2022-07-26T23:31:10.610Z] > git status -z -uall [1216ms]
[2022-07-26T23:31:10.645Z] > git symbolic-ref --short HEAD [17ms]
[2022-07-26T23:31:10.714Z] > git for-each-ref --format=%(refname)%00%(upstream:short)%00%(objectname)%00%(upstream:track)%00%(upstream:remotename)%00%(upstream:remoteref) refs/heads/main refs/remotes/main [38ms]
[2022-07-26T23:31:10.776Z] > git remote --verbose [22ms]
[2022-07-26T23:31:10.779Z] > git for-each-ref --sort -committerdate --format %(refname) %(objectname) %(*objectname) [43ms]
[2022-07-26T23:31:10.862Z] > git config --get commit.template [26ms]
[2022-07-26T23:31:11.344Z] > git status -z -uall [440ms]
[2022-07-26T23:31:11.376Z] > git symbolic-ref --short HEAD [12ms]
[2022-07-26T23:31:11.407Z] > git for-each-ref --format=%(refname)%00%(upstream:short)%00%(objectname)%00%(upstream:track)%00%(upstream:remotename)%00%(upstream:remoteref) refs/heads/main refs/remotes/main [13ms]
[2022-07-26T23:31:11.457Z] > git remote --verbose [5ms]
[2022-07-26T23:31:11.458Z] > git for-each-ref --sort -committerdate --format %(refname) %(objectname) %(*objectname) [31ms]
[2022-07-26T23:31:11.531Z] > git config --get commit.template [32ms]
[2022-07-26T23:31:20.845Z] > git status -z -uall [263ms]
[2022-07-26T23:31:20.862Z] > git symbolic-ref --short HEAD [3ms]
[2022-07-26T23:31:20.890Z] > git for-each-ref --format=%(refname)%00%(upstream:short)%00%(objectname)%00%(upstream:track)%00%(upstream:remotename)%00%(upstream:remoteref) refs/heads/main refs/remotes/main [4ms]
[2022-07-26T23:31:20.948Z] > git remote --verbose [24ms]
[2022-07-26T23:31:20.950Z] > git for-each-ref --sort -committerdate --format %(refname) %(objectname) %(*objectname) [43ms]
[2022-07-26T23:31:21.016Z] > git config --get commit.template [16ms]
[2022-07-26T23:31:26.276Z] > git status -z -uall [241ms]
[2022-07-26T23:31:26.294Z] > git symbolic-ref --short HEAD [5ms]
[2022-07-26T23:31:26.314Z] > git for-each-ref --format=%(refname)%00%(upstream:short)%00%(objectname)%00%(upstream:track)%00%(upstream:remotename)%00%(upstream:remoteref) refs/heads/main refs/remotes/main [5ms]
[2022-07-26T23:31:26.353Z] > git remote --verbose [5ms]
[2022-07-26T23:31:26.355Z] > git for-each-ref --sort -committerdate --format %(refname) %(objectname) %(*objectname) [20ms]
[2022-07-26T23:31:26.403Z] > git config --get commit.template [1ms]
[2022-07-26T23:31:31.693Z] > git status -z -uall [257ms]
[2022-07-26T23:31:31.711Z] > git symbolic-ref --short HEAD [4ms]
[2022-07-26T23:31:31.731Z] > git for-each-ref --format=%(refname)%00%(upstream:short)%00%(objectname)%00%(upstream:track)%00%(upstream:remotename)%00%(upstream:remoteref) refs/heads/main refs/remotes/main [4ms]
[2022-07-26T23:31:31.771Z] > git remote --verbose [7ms]
[2022-07-26T23:31:31.773Z] > git for-each-ref --sort -committerdate --format %(refname) %(objectname) %(*objectname) [29ms]
[2022-07-26T23:31:31.835Z] > git config --get commit.template [3ms]
[2022-07-26T23:31:37.099Z] > git status -z -uall [243ms]
[2022-07-26T23:31:37.118Z] > git symbolic-ref --short HEAD [3ms]
[2022-07-26T23:31:37.138Z] > git for-each-ref --format=%(refname)%00%(upstream:short)%00%(objectname)%00%(upstream:track)%00%(upstream:remotename)%00%(upstream:remoteref) refs/heads/main refs/remotes/main [6ms]
[2022-07-26T23:31:37.167Z] > git for-each-ref --sort -committerdate --format %(refname) %(objectname) %(*objectname) [15ms]
[2022-07-26T23:31:37.170Z] > git remote --verbose [6ms]
[2022-07-26T23:31:37.215Z] > git config --get commit.template [2ms]
[2022-07-26T23:31:42.486Z] > git status -z -uall [251ms]
[2022-07-26T23:31:42.506Z] > git symbolic-ref --short HEAD [3ms]
[2022-07-26T23:31:42.524Z] > git for-each-ref --format=%(refname)%00%(upstream:short)%00%(objectname)%00%(upstream:track)%00%(upstream:remotename)%00%(upstream:remoteref) refs/heads/main refs/remotes/main [5ms]
[2022-07-26T23:31:42.565Z] > git remote --verbose [13ms]
[2022-07-26T23:31:42.567Z] > git for-each-ref --sort -committerdate --format %(refname) %(objectname) %(*objectname) [31ms]
[2022-07-26T23:31:42.616Z] > git config --get commit.template [10ms]
[2022-07-26T23:31:47.901Z] > git status -z -uall [258ms]
[2022-07-26T23:31:47.945Z] > git symbolic-ref --short HEAD [30ms]
[2022-07-26T23:31:47.970Z] > git for-each-ref --format=%(refname)%00%(upstream:short)%00%(objectname)%00%(upstream:track)%00%(upstream:remotename)%00%(upstream:remoteref) refs/heads/main refs/remotes/main [8ms]
[2022-07-26T23:31:48.043Z] > git remote --verbose [17ms]
[2022-07-26T23:31:48.056Z] > git for-each-ref --sort -committerdate --format %(refname) %(objectname) %(*objectname) [63ms]
[2022-07-26T23:31:48.127Z] > git config --get commit.template [20ms]
[2022-07-26T23:31:53.400Z] > git status -z -uall [251ms]
[2022-07-26T23:31:53.416Z] > git symbolic-ref --short HEAD [3ms]
[2022-07-26T23:31:53.434Z] > git for-each-ref --format=%(refname)%00%(upstream:short)%00%(objectname)%00%(upstream:track)%00%(upstream:remotename)%00%(upstream:remoteref) refs/heads/main refs/remotes/main [2ms]
[2022-07-26T23:31:53.473Z] > git remote --verbose [10ms]
[2022-07-26T23:31:53.474Z] > git for-each-ref --sort -committerdate --format %(refname) %(objectname) %(*objectname) [24ms]
[2022-07-26T23:31:53.553Z] > git config --get commit.template [12ms]
[2022-07-26T23:31:58.843Z] > git status -z -uall [265ms]
[2022-07-26T23:31:58.861Z] > git symbolic-ref --short HEAD [5ms]
[2022-07-26T23:31:58.881Z] > git for-each-ref --format=%(refname)%00%(upstream:short)%00%(objectname)%00%(upstream:track)%00%(upstream:remotename)%00%(upstream:remoteref) refs/heads/main refs/remotes/main [1ms]
[2022-07-26T23:31:58.919Z] > git remote --verbose [5ms]
[2022-07-26T23:31:58.920Z] > git for-each-ref --sort -committerdate --format %(refname) %(objectname) %(*objectname) [25ms]
[2022-07-26T23:31:58.990Z] > git config --get commit.template [6ms]
[2022-07-26T23:32:04.265Z] > git status -z -uall [255ms]
[2022-07-26T23:32:04.285Z] > git symbolic-ref --short HEAD [6ms]
[2022-07-26T23:32:04.306Z] > git for-each-ref --format=%(refname)%00%(upstream:short)%00%(objectname)%00%(upstream:track)%00%(upstream:remotename)%00%(upstream:remoteref) refs/heads/main refs/remotes/main [5ms]
[2022-07-26T23:32:04.340Z] > git remote --verbose [8ms]
[2022-07-26T23:32:04.341Z] > git for-each-ref --sort -committerdate --format %(refname) %(objectname) %(*objectname) [23ms]
[2022-07-26T23:32:04.418Z] > git config --get commit.template [15ms]
[2022-07-26T23:32:09.694Z] > git status -z -uall [255ms]
[2022-07-26T23:32:09.716Z] > git symbolic-ref --short HEAD [7ms]
[2022-07-26T23:32:09.736Z] > git for-each-ref --format=%(refname)%00%(upstream:short)%00%(objectname)%00%(upstream:track)%00%(upstream:remotename)%00%(upstream:remoteref) refs/heads/main refs/remotes/main [3ms]
[2022-07-26T23:32:09.770Z] > git remote --verbose [8ms]
[2022-07-26T23:32:09.771Z] > git for-each-ref --sort -committerdate --format %(refname) %(objectname) %(*objectname) [20ms]
[2022-07-26T23:32:09.851Z] > git config --get commit.template [13ms]
[2022-07-26T23:32:15.146Z] > git status -z -uall [277ms]
[2022-07-26T23:32:15.168Z] > git symbolic-ref --short HEAD [8ms]
[2022-07-26T23:32:15.187Z] > git for-each-ref --format=%(refname)%00%(upstream:short)%00%(objectname)%00%(upstream:track)%00%(upstream:remotename)%00%(upstream:remoteref) refs/heads/main refs/remotes/main [7ms]
[2022-07-26T23:32:15.241Z] > git remote --verbose [6ms]
[2022-07-26T23:32:15.253Z] > git for-each-ref --sort -committerdate --format %(refname) %(objectname) %(*objectname) [42ms]
[2022-07-26T23:32:15.327Z] > git config --get commit.template [5ms]
[2022-07-26T23:32:18.646Z] > git show --textconv :morales.html [233ms]
[2022-07-26T23:32:18.647Z] > git ls-files --stage -- /home/eliasmorales/morales.html [191ms]
[2022-07-26T23:32:18.725Z] > git cat-file -s e69de29bb2d1d6434b8b29ae775ad8c2e48c5391 [20ms]
[2022-07-26T23:32:21.045Z] > git status -z -uall [674ms]
[2022-07-26T23:32:21.099Z] > git symbolic-ref --short HEAD [22ms]
[2022-07-26T23:32:21.286Z] > git for-each-ref --format=%(refname)%00%(upstream:short)%00%(objectname)%00%(upstream:track)%00%(upstream:remotename)%00%(upstream:remoteref) refs/heads/main refs/remotes/main [17ms]
[2022-07-26T23:32:21.532Z] > git remote --verbose [31ms]
[2022-07-26T23:32:21.533Z] > git for-each-ref --sort -committerdate --format %(refname) %(objectname) %(*objectname) [216ms]
[2022-07-26T23:32:21.782Z] > git config --get commit.template [17ms]
[2022-07-26T23:32:27.456Z] > git status -z -uall [614ms]
[2022-07-26T23:32:27.480Z] > git symbolic-ref --short HEAD [10ms]
[2022-07-26T23:32:27.514Z] > git for-each-ref --format=%(refname)%00%(upstream:short)%00%(objectname)%00%(upstream:track)%00%(upstream:remotename)%00%(upstream:remoteref) refs/heads/main refs/remotes/main [9ms]
[2022-07-26T23:32:27.587Z] > git remote --verbose [16ms]
[2022-07-26T23:32:27.588Z] > git for-each-ref --sort -committerdate --format %(refname) %(objectname) %(*objectname) [51ms]
[2022-07-26T23:32:27.649Z] > git config --get commit.template [20ms]
[2022-07-26T23:32:32.914Z] > git status -z -uall [233ms]
[2022-07-26T23:32:32.936Z] > git symbolic-ref --short HEAD [6ms]
[2022-07-26T23:32:32.957Z] > git for-each-ref --format=%(refname)%00%(upstream:short)%00%(objectname)%00%(upstream:track)%00%(upstream:remotename)%00%(upstream:remoteref) refs/heads/main refs/remotes/main [5ms]
[2022-07-26T23:32:33.015Z] > git remote --verbose [9ms]
[2022-07-26T23:32:33.016Z] > git for-each-ref --sort -committerdate --format %(refname) %(objectname) %(*objectname) [32ms]
[2022-07-26T23:32:33.066Z] > git config --get commit.template [15ms]
[2022-07-26T23:32:38.324Z] > git status -z -uall [230ms]
[2022-07-26T23:32:38.341Z] > git symbolic-ref --short HEAD [3ms]
[2022-07-26T23:32:38.367Z] > git for-each-ref --format=%(refname)%00%(upstream:short)%00%(objectname)%00%(upstream:track)%00%(upstream:remotename)%00%(upstream:remoteref) refs/heads/main refs/remotes/main [5ms]
[2022-07-26T23:32:38.400Z] > git for-each-ref --sort -committerdate --format %(refname) %(objectname) %(*objectname) [19ms]
[2022-07-26T23:32:38.401Z] > git remote --verbose [5ms]
[2022-07-26T23:32:38.448Z] > git config --get commit.template [5ms]
[2022-07-26T23:32:43.699Z] > git status -z -uall [233ms]
[2022-07-26T23:32:43.715Z] > git symbolic-ref --short HEAD [3ms]
[2022-07-26T23:32:43.738Z] > git for-each-ref --format=%(refname)%00%(upstream:short)%00%(objectname)%00%(upstream:track)%00%(upstream:remotename)%00%(upstream:remoteref) refs/heads/main refs/remotes/main [4ms]
[2022-07-26T23:32:43.768Z] > git for-each-ref --sort -committerdate --format %(refname) %(objectname) %(*objectname) [17ms]
[2022-07-26T23:32:43.770Z] > git remote --verbose [5ms]
[2022-07-26T23:32:43.794Z] > git config --get commit.template [2ms]
[2022-07-26T23:32:49.065Z] > git status -z -uall [248ms]
[2022-07-26T23:32:49.082Z] > git symbolic-ref --short HEAD [4ms]
[2022-07-26T23:32:49.108Z] > git for-each-ref --format=%(refname)%00%(upstream:short)%00%(objectname)%00%(upstream:track)%00%(upstream:remotename)%00%(upstream:remoteref) refs/heads/main refs/remotes/main [3ms]
[2022-07-26T23:32:49.140Z] > git for-each-ref --sort -committerdate --format %(refname) %(objectname) %(*objectname) [19ms]
[2022-07-26T23:32:49.155Z] > git remote --verbose [11ms]
[2022-07-26T23:32:49.230Z] > git config --get commit.template [17ms]
[2022-07-26T23:32:54.563Z] > git status -z -uall [314ms]
[2022-07-26T23:32:54.581Z] > git symbolic-ref --short HEAD [4ms]
[2022-07-26T23:32:54.611Z] > git for-each-ref --format=%(refname)%00%(upstream:short)%00%(objectname)%00%(upstream:track)%00%(upstream:remotename)%00%(upstream:remoteref) refs/heads/main refs/remotes/main [17ms]
[2022-07-26T23:32:54.645Z] > git remote --verbose [5ms]
[2022-07-26T23:32:54.646Z] > git for-each-ref --sort -committerdate --format %(refname) %(objectname) %(*objectname) [19ms]
[2022-07-26T23:32:54.694Z] > git config --get commit.template [15ms]
[2022-07-26T23:33:13.105Z] > git status -z -uall [817ms]
[2022-07-26T23:33:13.163Z] > git symbolic-ref --short HEAD [16ms]
[2022-07-26T23:33:13.214Z] > git for-each-ref --format=%(refname)%00%(upstream:short)%00%(objectname)%00%(upstream:track)%00%(upstream:remotename)%00%(upstream:remoteref) refs/heads/main refs/remotes/main [15ms]
[2022-07-26T23:33:13.304Z] > git remote --verbose [17ms]
[2022-07-26T23:33:13.317Z] > git for-each-ref --sort -committerdate --format %(refname) %(objectname) %(*objectname) [79ms]
[2022-07-26T23:33:13.376Z] > git config --get commit.template [3ms]
[2022-07-26T23:33:16.514Z] > git check-ignore -v -z --stdin [22ms]
[2022-07-26T23:33:17.986Z] > git check-ignore -v -z --stdin [56ms]
[2022-07-26T23:33:19.316Z] > git status -z -uall [885ms]
[2022-07-26T23:33:19.359Z] > git symbolic-ref --short HEAD [8ms]
[2022-07-26T23:33:19.408Z] > git for-each-ref --format=%(refname)%00%(upstream:short)%00%(objectname)%00%(upstream:track)%00%(upstream:remotename)%00%(upstream:remoteref) refs/heads/main refs/remotes/main [17ms]
[2022-07-26T23:33:19.511Z] > git for-each-ref --sort -committerdate --format %(refname) %(objectname) %(*objectname) [63ms]
[2022-07-26T23:33:19.527Z] > git remote --verbose [47ms]
[2022-07-26T23:33:19.600Z] > git config --get commit.template [9ms]
[2022-07-26T23:33:21.639Z] > git check-ignore -v -z --stdin [46ms]
[2022-07-26T23:33:40.542Z] > git status -z -uall [1106ms]
[2022-07-26T23:33:40.688Z] > git symbolic-ref --short HEAD [17ms]
[2022-07-26T23:33:40.780Z] > git for-each-ref --format=%(refname)%00%(upstream:short)%00%(objectname)%00%(upstream:track)%00%(upstream:remotename)%00%(upstream:remoteref) refs/heads/main refs/remotes/main [4ms]
[2022-07-26T23:33:40.888Z] > git remote --verbose [29ms]
[2022-07-26T23:33:40.890Z] > git for-each-ref --sort -committerdate --format %(refname) %(objectname) %(*objectname) [63ms]
[2022-07-26T23:33:40.971Z] > git config --get commit.template [15ms]
[2022-07-26T23:33:56.038Z] > git status -z -uall [997ms]
[2022-07-26T23:33:56.072Z] > git symbolic-ref --short HEAD [5ms]
[2022-07-26T23:33:56.116Z] > git for-each-ref --format=%(refname)%00%(upstream:short)%00%(objectname)%00%(upstream:track)%00%(upstream:remotename)%00%(upstream:remoteref) refs/heads/main refs/remotes/main [13ms]
[2022-07-26T23:33:56.200Z] > git for-each-ref --sort -committerdate --format %(refname) %(objectname) %(*objectname) [58ms]
[2022-07-26T23:33:56.216Z] > git remote --verbose [31ms]
[2022-07-26T23:33:56.333Z] > git config --get commit.template [32ms]
[2022-07-26T23:34:02.146Z] > git status -z -uall [775ms]
[2022-07-26T23:34:02.182Z] > git symbolic-ref --short HEAD [5ms]
[2022-07-26T23:34:02.224Z] > git for-each-ref --format=%(refname)%00%(upstream:short)%00%(objectname)%00%(upstream:track)%00%(upstream:remotename)%00%(upstream:remoteref) refs/heads/main refs/remotes/main [11ms]
[2022-07-26T23:34:02.329Z] > git remote --verbose [19ms]
[2022-07-26T23:34:02.331Z] > git for-each-ref --sort -committerdate --format %(refname) %(objectname) %(*objectname) [53ms]
[2022-07-26T23:34:02.417Z] > git config --get commit.template [13ms]
[2022-07-26T23:34:07.864Z] > git status -z -uall [424ms]
[2022-07-26T23:34:07.900Z] > git symbolic-ref --short HEAD [5ms]
[2022-07-26T23:34:07.940Z] > git for-each-ref --format=%(refname)%00%(upstream:short)%00%(objectname)%00%(upstream:track)%00%(upstream:remotename)%00%(upstream:remoteref) refs/heads/main refs/remotes/main [16ms]
[2022-07-26T23:34:08.009Z] > git remote --verbose [18ms]
[2022-07-26T23:34:08.011Z] > git for-each-ref --sort -committerdate --format %(refname) %(objectname) %(*objectname) [40ms]
[2022-07-26T23:34:08.098Z] > git config --get commit.template [11ms]
[2022-07-26T23:34:13.464Z] > git status -z -uall [344ms]
[2022-07-26T23:34:13.484Z] > git symbolic-ref --short HEAD [3ms]
[2022-07-26T23:34:13.522Z] > git for-each-ref --format=%(refname)%00%(upstream:short)%00%(objectname)%00%(upstream:track)%00%(upstream:remotename)%00%(upstream:remoteref) refs/heads/main refs/remotes/main [14ms]
[2022-07-26T23:34:13.562Z] > git remote --verbose [4ms]
[2022-07-26T23:34:13.564Z] > git for-each-ref --sort -committerdate --format %(refname) %(objectname) %(*objectname) [26ms]
[2022-07-26T23:34:13.644Z] > git config --get commit.template [19ms]
[2022-07-26T23:34:19.124Z] > git status -z -uall [455ms]
[2022-07-26T23:34:19.159Z] > git symbolic-ref --short HEAD [9ms]
[2022-07-26T23:34:19.186Z] > git for-each-ref --format=%(refname)%00%(upstream:short)%00%(objectname)%00%(upstream:track)%00%(upstream:remotename)%00%(upstream:remoteref) refs/heads/main refs/remotes/main [5ms]
[2022-07-26T23:34:19.225Z] > git for-each-ref --sort -committerdate --format %(refname) %(objectname) %(*objectname) [23ms]
[2022-07-26T23:34:19.234Z] > git remote --verbose [13ms]
[2022-07-26T23:34:19.283Z] > git config --get commit.template [3ms]
[2022-07-26T23:34:24.594Z] > git status -z -uall [292ms]
[2022-07-26T23:34:24.630Z] > git symbolic-ref --short HEAD [13ms]
[2022-07-26T23:34:24.647Z] > git for-each-ref --format=%(refname)%00%(upstream:short)%00%(objectname)%00%(upstream:track)%00%(upstream:remotename)%00%(upstream:remoteref) refs/heads/main refs/remotes/main [4ms]
[2022-07-26T23:34:24.713Z] > git for-each-ref --sort -committerdate --format %(refname) %(objectname) %(*objectname) [39ms]
[2022-07-26T23:34:24.715Z] > git remote --verbose [16ms]
[2022-07-26T23:34:24.775Z] > git config --get commit.template [15ms]
[2022-07-26T23:34:30.141Z] > git status -z -uall [345ms]
[2022-07-26T23:34:30.167Z] > git symbolic-ref --short HEAD [2ms]
[2022-07-26T23:34:30.201Z] > git for-each-ref --format=%(refname)%00%(upstream:short)%00%(objectname)%00%(upstream:track)%00%(upstream:remotename)%00%(upstream:remoteref) refs/heads/main refs/remotes/main [13ms]
[2022-07-26T23:34:30.237Z] > git remote --verbose [4ms]
[2022-07-26T23:34:30.238Z] > git for-each-ref --sort -committerdate --format %(refname) %(objectname) %(*objectname) [18ms]
[2022-07-26T23:34:30.288Z] > git config --get commit.template [5ms]
[2022-07-26T23:34:35.616Z] > git status -z -uall [297ms]
[2022-07-26T23:34:35.650Z] > git symbolic-ref --short HEAD [15ms]
[2022-07-26T23:34:35.670Z] > git for-each-ref --format=%(refname)%00%(upstream:short)%00%(objectname)%00%(upstream:track)%00%(upstream:remotename)%00%(upstream:remoteref) refs/heads/main refs/remotes/main [8ms]
[2022-07-26T23:34:35.718Z] > git remote --verbose [8ms]
[2022-07-26T23:34:35.719Z] > git for-each-ref --sort -committerdate --format %(refname) %(objectname) %(*objectname) [21ms]
[2022-07-26T23:34:35.800Z] > git config --get commit.template [17ms]
[2022-07-26T23:34:41.180Z] > git status -z -uall [360ms]
[2022-07-26T23:34:41.205Z] > git symbolic-ref --short HEAD [11ms]
[2022-07-26T23:34:41.240Z] > git for-each-ref --format=%(refname)%00%(upstream:short)%00%(objectname)%00%(upstream:track)%00%(upstream:remotename)%00%(upstream:remoteref) refs/heads/main refs/remotes/main [12ms]
[2022-07-26T23:34:41.275Z] > git for-each-ref --sort -committerdate --format %(refname) %(objectname) %(*objectname) [23ms]
[2022-07-26T23:34:41.280Z] > git remote --verbose [8ms]
[2022-07-26T23:34:41.323Z] > git config --get commit.template [6ms]
[2022-07-26T23:34:47.181Z] > git status -z -uall [808ms]
[2022-07-26T23:34:47.224Z] > git symbolic-ref --short HEAD [13ms]
[2022-07-26T23:34:47.268Z] > git for-each-ref --format=%(refname)%00%(upstream:short)%00%(objectname)%00%(upstream:track)%00%(upstream:remotename)%00%(upstream:remoteref) refs/heads/main refs/remotes/main [17ms]
[2022-07-26T23:34:47.352Z] > git remote --verbose [16ms]
[2022-07-26T23:34:47.365Z] > git for-each-ref --sort -committerdate --format %(refname) %(objectname) %(*objectname) [59ms]
[2022-07-26T23:34:47.458Z] > git config --get commit.template [3ms]
[2022-07-26T23:34:53.332Z] > git status -z -uall [831ms]
[2022-07-26T23:34:53.359Z] > git symbolic-ref --short HEAD [5ms]
[2022-07-26T23:34:53.427Z] > git for-each-ref --format=%(refname)%00%(upstream:short)%00%(objectname)%00%(upstream:track)%00%(upstream:remotename)%00%(upstream:remoteref) refs/heads/main refs/remotes/main [17ms]
[2022-07-26T23:34:53.531Z] > git for-each-ref --sort -committerdate --format %(refname) %(objectname) %(*objectname) [57ms]
[2022-07-26T23:34:53.545Z] > git remote --verbose [27ms]
[2022-07-26T23:34:53.638Z] > git config --get commit.template [17ms]
[2022-07-26T23:34:59.417Z] > git status -z -uall [725ms]
[2022-07-26T23:34:59.470Z] > git symbolic-ref --short HEAD [8ms]
[2022-07-26T23:34:59.550Z] > git for-each-ref --format=%(refname)%00%(upstream:short)%00%(objectname)%00%(upstream:track)%00%(upstream:remotename)%00%(upstream:remoteref) refs/heads/main refs/remotes/main [31ms]
[2022-07-26T23:34:59.649Z] > git remote --verbose [32ms]
[2022-07-26T23:34:59.661Z] > git for-each-ref --sort -committerdate --format %(refname) %(objectname) %(*objectname) [79ms]
[2022-07-26T23:34:59.759Z] > git config --get commit.template [27ms]
[2022-07-26T23:35:05.301Z] > git status -z -uall [520ms]
[2022-07-26T23:35:05.352Z] > git symbolic-ref --short HEAD [32ms]
[2022-07-26T23:35:05.394Z] > git for-each-ref --format=%(refname)%00%(upstream:short)%00%(objectname)%00%(upstream:track)%00%(upstream:remotename)%00%(upstream:remoteref) refs/heads/main refs/remotes/main [18ms]
[2022-07-26T23:35:05.451Z] > git for-each-ref --sort -committerdate --format %(refname) %(objectname) %(*objectname) [27ms]
[2022-07-26T23:35:05.457Z] > git remote --verbose [16ms]
[2022-07-26T23:35:05.516Z] > git config --get commit.template [4ms]
[2022-07-26T23:35:10.988Z] > git status -z -uall [454ms]
[2022-07-26T23:35:11.043Z] > git symbolic-ref --short HEAD [25ms]
[2022-07-26T23:35:11.082Z] > git for-each-ref --format=%(refname)%00%(upstream:short)%00%(objectname)%00%(upstream:track)%00%(upstream:remotename)%00%(upstream:remoteref) refs/heads/main refs/remotes/main [12ms]
[2022-07-26T23:35:11.163Z] > git for-each-ref --sort -committerdate --format %(refname) %(objectname) %(*objectname) [45ms]
[2022-07-26T23:35:11.166Z] > git remote --verbose [22ms]
[2022-07-26T23:35:11.250Z] > git config --get commit.template [22ms]
[2022-07-26T23:35:16.586Z] > git status -z -uall [306ms]
[2022-07-26T23:35:16.605Z] > git symbolic-ref --short HEAD [2ms]
[2022-07-26T23:35:16.649Z] > git for-each-ref --format=%(refname)%00%(upstream:short)%00%(objectname)%00%(upstream:track)%00%(upstream:remotename)%00%(upstream:remoteref) refs/heads/main refs/remotes/main [12ms]
[2022-07-26T23:35:16.720Z] > git remote --verbose [8ms]
[2022-07-26T23:35:16.722Z] > git for-each-ref --sort -committerdate --format %(refname) %(objectname) %(*objectname) [53ms]
[2022-07-26T23:35:16.793Z] > git config --get commit.template [27ms]
[2022-07-26T23:35:22.155Z] > git status -z -uall [333ms]
[2022-07-26T23:35:22.185Z] > git symbolic-ref --short HEAD [11ms]
[2022-07-26T23:35:22.209Z] > git for-each-ref --format=%(refname)%00%(upstream:short)%00%(objectname)%00%(upstream:track)%00%(upstream:remotename)%00%(upstream:remoteref) refs/heads/main refs/remotes/main [3ms]
[2022-07-26T23:35:22.246Z] > git for-each-ref --sort -committerdate --format %(refname) %(objectname) %(*objectname) [20ms]
[2022-07-26T23:35:22.248Z] > git remote --verbose [5ms]
[2022-07-26T23:35:22.287Z] > git config --get commit.template [3ms]
[2022-07-26T23:35:27.621Z] > git status -z -uall [308ms]
[2022-07-26T23:35:27.654Z] > git symbolic-ref --short HEAD [13ms]
[2022-07-26T23:35:27.701Z] > git for-each-ref --format=%(refname)%00%(upstream:short)%00%(objectname)%00%(upstream:track)%00%(upstream:remotename)%00%(upstream:remoteref) refs/heads/main refs/remotes/main [19ms]
[2022-07-26T23:35:27.748Z] > git for-each-ref --sort -committerdate --format %(refname) %(objectname) %(*objectname) [30ms]
[2022-07-26T23:35:27.750Z] > git remote --verbose [6ms]
[2022-07-26T23:35:27.804Z] > git config --get commit.template [10ms]
[2022-07-26T23:35:33.172Z] > git status -z -uall [346ms]
[2022-07-26T23:35:33.192Z] > git symbolic-ref --short HEAD [2ms]
[2022-07-26T23:35:33.227Z] > git for-each-ref --format=%(refname)%00%(upstream:short)%00%(objectname)%00%(upstream:track)%00%(upstream:remotename)%00%(upstream:remoteref) refs/heads/main refs/remotes/main [13ms]
[2022-07-26T23:35:33.266Z] > git remote --verbose [4ms]
[2022-07-26T23:35:33.268Z] > git for-each-ref --sort -committerdate --format %(refname) %(objectname) %(*objectname) [25ms]
[2022-07-26T23:35:33.292Z] > git config --get commit.template [2ms]
[2022-07-26T23:35:38.614Z] > git status -z -uall [302ms]
[2022-07-26T23:35:38.637Z] > git symbolic-ref --short HEAD [3ms]
[2022-07-26T23:35:38.686Z] > git for-each-ref --format=%(refname)%00%(upstream:short)%00%(objectname)%00%(upstream:track)%00%(upstream:remotename)%00%(upstream:remoteref) refs/heads/main refs/remotes/main [11ms]
[2022-07-26T23:35:38.731Z] > git remote --verbose [3ms]
[2022-07-26T23:35:38.733Z] > git for-each-ref --sort -committerdate --format %(refname) %(objectname) %(*objectname) [32ms]
[2022-07-26T23:35:38.817Z] > git config --get commit.template [16ms]
[2022-07-26T23:35:44.193Z] > git status -z -uall [357ms]
[2022-07-26T23:35:44.213Z] > git symbolic-ref --short HEAD [3ms]
[2022-07-26T23:35:44.242Z] > git for-each-ref --format=%(refname)%00%(upstream:short)%00%(objectname)%00%(upstream:track)%00%(upstream:remotename)%00%(upstream:remoteref) refs/heads/main refs/remotes/main [9ms]
[2022-07-26T23:35:44.285Z] > git for-each-ref --sort -committerdate --format %(refname) %(objectname) %(*objectname) [25ms]
[2022-07-26T23:35:44.286Z] > git remote --verbose [5ms]
[2022-07-26T23:35:44.313Z] > git config --get commit.template [2ms]
[2022-07-26T23:35:49.695Z] > git status -z -uall [352ms]
[2022-07-26T23:35:49.738Z] > git symbolic-ref --short HEAD [10ms]
[2022-07-26T23:35:49.780Z] > git for-each-ref --format=%(refname)%00%(upstream:short)%00%(objectname)%00%(upstream:track)%00%(upstream:remotename)%00%(upstream:remoteref) refs/heads/main refs/remotes/main [10ms]
[2022-07-26T23:35:49.864Z] > git remote --verbose [13ms]
[2022-07-26T23:35:49.866Z] > git for-each-ref --sort -committerdate --format %(refname) %(objectname) %(*objectname) [56ms]
[2022-07-26T23:35:49.932Z] > git config --get commit.template [19ms]
[2022-07-26T23:35:55.269Z] > git status -z -uall [311ms]
[2022-07-26T23:35:55.288Z] > git symbolic-ref --short HEAD [6ms]
[2022-07-26T23:35:55.308Z] > git for-each-ref --format=%(refname)%00%(upstream:short)%00%(objectname)%00%(upstream:track)%00%(upstream:remotename)%00%(upstream:remoteref) refs/heads/main refs/remotes/main [7ms]
[2022-07-26T23:35:55.347Z] > git remote --verbose [8ms]
[2022-07-26T23:35:55.348Z] > git for-each-ref --sort -committerdate --format %(refname) %(objectname) %(*objectname) [23ms]
[2022-07-26T23:35:55.405Z] > git config --get commit.template [5ms]
[2022-07-26T23:36:00.778Z] > git status -z -uall [355ms]
[2022-07-26T23:36:00.808Z] > git symbolic-ref --short HEAD [5ms]
[2022-07-26T23:36:00.851Z] > git for-each-ref --format=%(refname)%00%(upstream:short)%00%(objectname)%00%(upstream:track)%00%(upstream:remotename)%00%(upstream:remoteref) refs/heads/main refs/remotes/main [16ms]
[2022-07-26T23:36:00.922Z] > git remote --verbose [15ms]
[2022-07-26T23:36:00.923Z] > git for-each-ref --sort -committerdate --format %(refname) %(objectname) %(*objectname) [50ms]
[2022-07-26T23:36:00.998Z] > git config --get commit.template [18ms]
[2022-07-26T23:36:06.347Z] > git status -z -uall [314ms]
[2022-07-26T23:36:06.366Z] > git symbolic-ref --short HEAD [6ms]
[2022-07-26T23:36:06.395Z] > git for-each-ref --format=%(refname)%00%(upstream:short)%00%(objectname)%00%(upstream:track)%00%(upstream:remotename)%00%(upstream:remoteref) refs/heads/main refs/remotes/main [7ms]
[2022-07-26T23:36:06.457Z] > git remote --verbose [17ms]
[2022-07-26T23:36:06.458Z] > git for-each-ref --sort -committerdate --format %(refname) %(objectname) %(*objectname) [31ms]
[2022-07-26T23:36:06.518Z] > git config --get commit.template [25ms]
[2022-07-26T23:36:11.945Z] > git status -z -uall [398ms]
[2022-07-26T23:36:11.984Z] > git symbolic-ref --short HEAD [16ms]
[2022-07-26T23:36:12.011Z] > git for-each-ref --format=%(refname)%00%(upstream:short)%00%(objectname)%00%(upstream:track)%00%(upstream:remotename)%00%(upstream:remoteref) refs/heads/main refs/remotes/main [4ms]
[2022-07-26T23:36:12.053Z] > git for-each-ref --sort -committerdate --format %(refname) %(objectname) %(*objectname) [23ms]
[2022-07-26T23:36:12.057Z] > git remote --verbose [7ms]
[2022-07-26T23:36:12.137Z] > git config --get commit.template [20ms]
[2022-07-26T23:36:17.431Z] > git status -z -uall [271ms]
[2022-07-26T23:36:17.450Z] > git symbolic-ref --short HEAD [5ms]
[2022-07-26T23:36:17.470Z] > git for-each-ref --format=%(refname)%00%(upstream:short)%00%(objectname)%00%(upstream:track)%00%(upstream:remotename)%00%(upstream:remoteref) refs/heads/main refs/remotes/main [4ms]
[2022-07-26T23:36:17.503Z] > git remote --verbose [3ms]
[2022-07-26T23:36:17.505Z] > git for-each-ref --sort -committerdate --format %(refname) %(objectname) %(*objectname) [23ms]
[2022-07-26T23:36:17.571Z] > git config --get commit.template [22ms]
[2022-07-26T23:36:22.975Z] > git status -z -uall [386ms]
[2022-07-26T23:36:22.996Z] > git symbolic-ref --short HEAD [6ms]
[2022-07-26T23:36:23.026Z] > git for-each-ref --format=%(refname)%00%(upstream:short)%00%(objectname)%00%(upstream:track)%00%(upstream:remotename)%00%(upstream:remoteref) refs/heads/main refs/remotes/main [15ms]
[2022-07-26T23:36:23.068Z] > git for-each-ref --sort -committerdate --format %(refname) %(objectname) %(*objectname) [28ms]
[2022-07-26T23:36:23.070Z] > git remote --verbose [7ms]
[2022-07-26T23:36:23.138Z] > git config --get commit.template [21ms]
[2022-07-26T23:36:28.446Z] > git status -z -uall [287ms]
[2022-07-26T23:36:28.466Z] > git symbolic-ref --short HEAD [7ms]
[2022-07-26T23:36:28.484Z] > git for-each-ref --format=%(refname)%00%(upstream:short)%00%(objectname)%00%(upstream:track)%00%(upstream:remotename)%00%(upstream:remoteref) refs/heads/main refs/remotes/main [2ms]
[2022-07-26T23:36:28.516Z] > git for-each-ref --sort -committerdate --format %(refname) %(objectname) %(*objectname) [17ms]
[2022-07-26T23:36:28.524Z] > git remote --verbose [12ms]
[2022-07-26T23:36:28.568Z] > git config --get commit.template [2ms]
[2022-07-26T23:36:34.028Z] > git status -z -uall [371ms]
[2022-07-26T23:36:34.053Z] > git symbolic-ref --short HEAD [10ms]
[2022-07-26T23:36:34.105Z] > git for-each-ref --format=%(refname)%00%(upstream:short)%00%(objectname)%00%(upstream:track)%00%(upstream:remotename)%00%(upstream:remoteref) refs/heads/main refs/remotes/main [27ms]
[2022-07-26T23:36:34.180Z] > git remote --verbose [11ms]
[2022-07-26T23:36:34.181Z] > git for-each-ref --sort -committerdate --format %(refname) %(objectname) %(*objectname) [51ms]
[2022-07-26T23:36:34.241Z] > git config --get commit.template [11ms]
[2022-07-26T23:36:40.082Z] > git status -z -uall [811ms]
[2022-07-26T23:36:40.123Z] > git symbolic-ref --short HEAD [14ms]
[2022-07-26T23:36:40.164Z] > git for-each-ref --format=%(refname)%00%(upstream:short)%00%(objectname)%00%(upstream:track)%00%(upstream:remotename)%00%(upstream:remoteref) refs/heads/main refs/remotes/main [10ms]
[2022-07-26T23:36:40.260Z] > git for-each-ref --sort -committerdate --format %(refname) %(objectname) %(*objectname) [34ms]
[2022-07-26T23:36:40.274Z] > git remote --verbose [18ms]
[2022-07-26T23:36:40.358Z] > git config --get commit.template [2ms]
[2022-07-26T23:36:46.254Z] > git status -z -uall [863ms]
[2022-07-26T23:36:46.329Z] > git symbolic-ref --short HEAD [50ms]
[2022-07-26T23:36:46.438Z] > git for-each-ref --format=%(refname)%00%(upstream:short)%00%(objectname)%00%(upstream:track)%00%(upstream:remotename)%00%(upstream:remoteref) refs/heads/main refs/remotes/main [14ms]
[2022-07-26T23:36:46.571Z] > git remote --verbose [17ms]
[2022-07-26T23:36:46.573Z] > git for-each-ref --sort -committerdate --format %(refname) %(objectname) %(*objectname) [92ms]
[2022-07-26T23:36:46.648Z] > git config --get commit.template [13ms]
